[0918/181838:ERROR:gles2_cmd_decoder.cc(12228)] Context lost because SwapBuffers failed.
[0918/181838:ERROR:gles2_cmd_decoder.cc(4471)] Error: 5 for Command kPostSubBufferCHROMIUM
[0918/181838:ERROR:gpu_command_buffer_stub.cc(1224)] Exiting GPU process because some drivers cannot recover from problems.
[0918/181838:ERROR:gpu_process_transport_factory.cc(652)] Lost UI shared context.
[0918/181839:ERROR:gles2_cmd_decoder.cc(12228)] Context lost because SwapBuffers failed.
[0918/181839:ERROR:gles2_cmd_decoder.cc(4471)] Error: 5 for Command kPostSubBufferCHROMIUM
[0918/181839:ERROR:gpu_command_buffer_stub.cc(1224)] Exiting GPU process because some drivers cannot recover from problems.
[0918/181839:ERROR:gpu_process_transport_factory.cc(652)] Lost UI shared context.
[0918/181839:ERROR:gles2_cmd_decoder.cc(12228)] Context lost because SwapBuffers failed.
[0918/181839:ERROR:gles2_cmd_decoder.cc(4471)] Error: 5 for Command kPostSubBufferCHROMIUM
[0918/181839:ERROR:gpu_command_buffer_stub.cc(1224)] Exiting GPU process because some drivers cannot recover from problems.
[0918/181839:ERROR:gpu_process_transport_factory.cc(652)] Lost UI shared context.
[0918/181840:ERROR:gles2_cmd_decoder.cc(12228)] Context lost because SwapBuffers failed.
[0918/181840:ERROR:gles2_cmd_decoder.cc(4471)] Error: 5 for Command kPostSubBufferCHROMIUM
[0918/181840:ERROR:gpu_command_buffer_stub.cc(1224)] Exiting GPU process because some drivers cannot recover from problems.
[0918/181840:ERROR:gpu_process_transport_factory.cc(652)] Lost UI shared context.
[0918/181840:ERROR:gles2_cmd_decoder.cc(12228)] Context lost because SwapBuffers failed.
[0918/181840:ERROR:gles2_cmd_decoder.cc(4471)] Error: 5 for Command kPostSubBufferCHROMIUM
[0918/181840:ERROR:gpu_command_buffer_stub.cc(1224)] Exiting GPU process because some drivers cannot recover from problems.
[0918/181840:ERROR:gpu_process_transport_factory.cc(652)] Lost UI shared context.
[0918/181840:ERROR:gles2_cmd_decoder.cc(12228)] Context lost because SwapBuffers failed.
[0918/181840:ERROR:gles2_cmd_decoder.cc(4471)] Error: 5 for Command kPostSubBufferCHROMIUM
[0918/181840:ERROR:gpu_command_buffer_stub.cc(1224)] Exiting GPU process because some drivers cannot recover from problems.
[0918/181840:ERROR:gpu_process_transport_factory.cc(652)] Lost UI shared context.
[0918/181841:ERROR:gles2_cmd_decoder.cc(12228)] Context lost because SwapBuffers failed.
[0918/181841:ERROR:gles2_cmd_decoder.cc(4471)] Error: 5 for Command kPostSubBufferCHROMIUM
[0918/181841:ERROR:gpu_command_buffer_stub.cc(1224)] Exiting GPU process because some drivers cannot recover from problems.
[0918/181841:ERROR:gpu_process_transport_factory.cc(652)] Lost UI shared context.
[0918/181842:ERROR:gles2_cmd_decoder.cc(12228)] Context lost because SwapBuffers failed.
[0918/181842:ERROR:gles2_cmd_decoder.cc(4471)] Error: 5 for Command kPostSubBufferCHROMIUM
[0918/181842:ERROR:gpu_command_buffer_stub.cc(1224)] Exiting GPU process because some drivers cannot recover from problems.
[0918/181842:ERROR:gpu_process_transport_factory.cc(652)] Lost UI shared context.
[0918/182233.926:INFO:CONSOLE(719)] "A parser-blocking, cross site (i.e. different eTLD+1) script, https://ss1.bdstatic.com/5eN1bjq8AAUYm2zgoY3K/r/www/cache/static/protocol/https/global/js/all_async_search_67a0787.js, is invoked via document.write. The network request for this script MAY be blocked by the browser in this or a future page load due to poor network connectivity. If blocked in this page load, it will be confirmed in a subsequent console message. See https://www.chromestatus.com/feature/5718547946799104 for more details.", source: https://www.baidu.com/ (719)
[0918/182233.926:INFO:CONSOLE(719)] "A parser-blocking, cross site (i.e. different eTLD+1) script, https://ss1.bdstatic.com/5eN1bjq8AAUYm2zgoY3K/r/www/cache/static/protocol/https/global/js/all_async_search_67a0787.js, is invoked via document.write. The network request for this script MAY be blocked by the browser in this or a future page load due to poor network connectivity. If blocked in this page load, it will be confirmed in a subsequent console message. See https://www.chromestatus.com/feature/5718547946799104 for more details.", source: https://www.baidu.com/ (719)
[0918/182233.953:INFO:CONSOLE(181)] "你在电脑前看这段文字，
写文字的人在百度等你。
N年前你来到了这个世界，
N年后你想改变世界。

期待你脚踏祥云，
与百度一起改变世界。
", source: https://ss1.bdstatic.com/5eN1bjq8AAUYm2zgoY3K/r/www/cache/static/protocol/https/global/js/all_async_search_67a0787.js (181)
[0918/182233.953:INFO:CONSOLE(181)] "%c百度2020校园招聘简历提交：http://dwz.cn/XpoFdepe", source: https://ss1.bdstatic.com/5eN1bjq8AAUYm2zgoY3K/r/www/cache/static/protocol/https/global/js/all_async_search_67a0787.js (181)
[0918/182347.117:INFO:CONSOLE(3)] "isApp---", source: http://js.people.cn/js/pa.js (3)
[0918/182347.117:INFO:CONSOLE(4)] "pa.js中的env======pro", source: http://js.people.cn/js/pa.js (4)
[0918/183412.609:INFO:CONSOLE(3)] "isApp---", source: http://js.people.cn/js/pa.js (3)
[0918/183412.609:INFO:CONSOLE(4)] "pa.js中的env======pro", source: http://js.people.cn/js/pa.js (4)
[0918/183424.810:INFO:CONSOLE(1)] "A parser-blocking, cross site (i.e. different eTLD+1) script, http://cl2.webterren.com/webdig.js?z=15, is invoked via document.write. The network request for this script MAY be blocked by the browser in this or a future page load due to poor network connectivity. If blocked in this page load, it will be confirmed in a subsequent console message. See https://www.chromestatus.com/feature/5718547946799104 for more details.", source: http://www.people.com.cn/css/2010tianrun/webdig_test.js (1)
[0918/183424.810:INFO:CONSOLE(1)] "A parser-blocking, cross site (i.e. different eTLD+1) script, http://cl2.webterren.com/webdig.js?z=15, is invoked via document.write. The network request for this script MAY be blocked by the browser in this or a future page load due to poor network connectivity. If blocked in this page load, it will be confirmed in a subsequent console message. See https://www.chromestatus.com/feature/5718547946799104 for more details.", source: http://www.people.com.cn/css/2010tianrun/webdig_test.js (1)
[0918/183553.506:INFO:CONSOLE(3)] "isApp---", source: http://js.people.cn/js/pa.js (3)
[0918/183553.506:INFO:CONSOLE(4)] "pa.js中的env======pro", source: http://js.people.cn/js/pa.js (4)
[0918/184239.573:INFO:CONSOLE(3)] "isApp---", source: http://js.people.cn/js/pa.js (3)
[0918/184239.573:INFO:CONSOLE(4)] "pa.js中的env======pro", source: http://js.people.cn/js/pa.js (4)
[0918/184328.133:INFO:CONSOLE(3)] "A parser-blocking, cross site (i.e. different eTLD+1) script, http://pos.baidu.com/tckm?psi=e45488147a984af712fee7583c8419ba&di=4953433&dri=0&dis=0&dai=0&ps=1724x83&enu=encoding&exps=110011&dcb=___adblockplus&dtm=SSP_JSONP&dvi=0.0&dci=-1&dpt=none&tsr=0&tpr=1568803408008&ti=%E8%8F%B2%E5%BE%8B%E5%AE%BE%E6%80%BB%E7%BB%9F%E6%9D%9C%E7%89&ari=2&dbv=2&drs=1&pcs=1167x513&pss=1167x1774&cfv=0&cpl=2&chi=1&cce=true&cec=GBK&tlm=1568754847&rw=513&ltu=http%3A%2F%2Fworld.people.com.cn%2Fn1%2F2019%2F0918%2Fc1002-31358498.html&ecd=1&uc=1920x1080&pis=-1x-1&sr=1920x1080&tcn=1568803408, is invoked via document.write. The network request for this script MAY be blocked by the browser in this or a future page load due to poor network connectivity. If blocked in this page load, it will be confirmed in a subsequent console message. See https://www.chromestatus.com/feature/5718547946799104 for more details.", source: http://dup.baidustatic.com/js/dm.js (3)
[0918/184328.133:INFO:CONSOLE(3)] "A parser-blocking, cross site (i.e. different eTLD+1) script, http://pos.baidu.com/tckm?psi=e45488147a984af712fee7583c8419ba&di=4953433&dri=0&dis=0&dai=0&ps=1724x83&enu=encoding&exps=110011&dcb=___adblockplus&dtm=SSP_JSONP&dvi=0.0&dci=-1&dpt=none&tsr=0&tpr=1568803408008&ti=%E8%8F%B2%E5%BE%8B%E5%AE%BE%E6%80%BB%E7%BB%9F%E6%9D%9C%E7%89&ari=2&dbv=2&drs=1&pcs=1167x513&pss=1167x1774&cfv=0&cpl=2&chi=1&cce=true&cec=GBK&tlm=1568754847&rw=513&ltu=http%3A%2F%2Fworld.people.com.cn%2Fn1%2F2019%2F0918%2Fc1002-31358498.html&ecd=1&uc=1920x1080&pis=-1x-1&sr=1920x1080&tcn=1568803408, is invoked via document.write. The network request for this script MAY be blocked by the browser in this or a future page load due to poor network connectivity. If blocked in this page load, it will be confirmed in a subsequent console message. See https://www.chromestatus.com/feature/5718547946799104 for more details.", source: http://dup.baidustatic.com/js/dm.js (3)
[0918/184328.204:INFO:CONSOLE(3)] "A parser-blocking, cross site (i.e. different eTLD+1) script, http://pos.baidu.com/tckm?psi=e45488147a984af712fee7583c8419ba&di=4953434&dri=0&dis=0&dai=0&ps=1982x83&enu=encoding&exps=110011&dcb=___adblockplus&dtm=SSP_JSONP&dvi=0.0&dci=-1&dpt=none&tsr=0&tpr=1568803408008&ti=%E8%8F%B2%E5%BE%8B%E5%AE%BE%E6%80%BB%E7%BB%9F%E6%9D%9C%E7%89&ari=2&dbv=2&drs=1&pcs=1167x513&pss=1167x2032&cfv=0&cpl=2&chi=1&cce=true&cec=GBK&tlm=1568754847&rw=513&ltu=http%3A%2F%2Fworld.people.com.cn%2Fn1%2F2019%2F0918%2Fc1002-31358498.html&ecd=1&uc=1920x1080&pis=-1x-1&sr=1920x1080&tcn=1568803408, is invoked via document.write. The network request for this script MAY be blocked by the browser in this or a future page load due to poor network connectivity. If blocked in this page load, it will be confirmed in a subsequent console message. See https://www.chromestatus.com/feature/5718547946799104 for more details.", source: http://dup.baidustatic.com/js/dm.js (3)
[0918/184328.205:INFO:CONSOLE(3)] "A parser-blocking, cross site (i.e. different eTLD+1) script, http://pos.baidu.com/tckm?psi=e45488147a984af712fee7583c8419ba&di=4953434&dri=0&dis=0&dai=0&ps=1982x83&enu=encoding&exps=110011&dcb=___adblockplus&dtm=SSP_JSONP&dvi=0.0&dci=-1&dpt=none&tsr=0&tpr=1568803408008&ti=%E8%8F%B2%E5%BE%8B%E5%AE%BE%E6%80%BB%E7%BB%9F%E6%9D%9C%E7%89&ari=2&dbv=2&drs=1&pcs=1167x513&pss=1167x2032&cfv=0&cpl=2&chi=1&cce=true&cec=GBK&tlm=1568754847&rw=513&ltu=http%3A%2F%2Fworld.people.com.cn%2Fn1%2F2019%2F0918%2Fc1002-31358498.html&ecd=1&uc=1920x1080&pis=-1x-1&sr=1920x1080&tcn=1568803408, is invoked via document.write. The network request for this script MAY be blocked by the browser in this or a future page load due to poor network connectivity. If blocked in this page load, it will be confirmed in a subsequent console message. See https://www.chromestatus.com/feature/5718547946799104 for more details.", source: http://dup.baidustatic.com/js/dm.js (3)
[0918/184328.228:INFO:CONSOLE(3)] "A parser-blocking, cross site (i.e. different eTLD+1) script, http://pos.baidu.com/tckm?psi=e45488147a984af712fee7583c8419ba&di=4952633&dri=0&dis=0&dai=0&ps=924x783&enu=encoding&exps=110011&dcb=___adblockplus&dtm=SSP_JSONP&dvi=0.0&dci=-1&dpt=none&tsr=0&tpr=1568803408008&ti=%E8%8F%B2%E5%BE%8B%E5%AE%BE%E6%80%BB%E7%BB%9F%E6%9D%9C%E7%89&ari=2&dbv=2&drs=1&pcs=1167x513&pss=1167x2508&cfv=0&cpl=2&chi=1&cce=true&cec=GBK&tlm=1568754847&rw=513&ltu=http%3A%2F%2Fworld.people.com.cn%2Fn1%2F2019%2F0918%2Fc1002-31358498.html&ecd=1&uc=1920x1080&pis=-1x-1&sr=1920x1080&tcn=1568803408, is invoked via document.write. The network request for this script MAY be blocked by the browser in this or a future page load due to poor network connectivity. If blocked in this page load, it will be confirmed in a subsequent console message. See https://www.chromestatus.com/feature/5718547946799104 for more details.", source: http://dup.baidustatic.com/js/dm.js (3)
[0918/184328.229:INFO:CONSOLE(3)] "A parser-blocking, cross site (i.e. different eTLD+1) script, http://pos.baidu.com/tckm?psi=e45488147a984af712fee7583c8419ba&di=4952633&dri=0&dis=0&dai=0&ps=924x783&enu=encoding&exps=110011&dcb=___adblockplus&dtm=SSP_JSONP&dvi=0.0&dci=-1&dpt=none&tsr=0&tpr=1568803408008&ti=%E8%8F%B2%E5%BE%8B%E5%AE%BE%E6%80%BB%E7%BB%9F%E6%9D%9C%E7%89&ari=2&dbv=2&drs=1&pcs=1167x513&pss=1167x2508&cfv=0&cpl=2&chi=1&cce=true&cec=GBK&tlm=1568754847&rw=513&ltu=http%3A%2F%2Fworld.people.com.cn%2Fn1%2F2019%2F0918%2Fc1002-31358498.html&ecd=1&uc=1920x1080&pis=-1x-1&sr=1920x1080&tcn=1568803408, is invoked via document.write. The network request for this script MAY be blocked by the browser in this or a future page load due to poor network connectivity. If blocked in this page load, it will be confirmed in a subsequent console message. See https://www.chromestatus.com/feature/5718547946799104 for more details.", source: http://dup.baidustatic.com/js/dm.js (3)
[0918/184328.250:INFO:CONSOLE(3)] "A parser-blocking, cross site (i.e. different eTLD+1) script, http://pos.baidu.com/tckm?psi=e45488147a984af712fee7583c8419ba&di=4953269&dri=0&dis=0&dai=0&ps=1757x783&enu=encoding&exps=110011&dcb=___adblockplus&dtm=SSP_JSONP&dvi=0.0&dci=-1&dpt=none&tsr=0&tpr=1568803408008&ti=%E8%8F%B2%E5%BE%8B%E5%AE%BE%E6%80%BB%E7%BB%9F%E6%9D%9C%E7%89&ari=2&dbv=2&drs=1&pcs=1167x513&pss=1167x2508&cfv=0&cpl=2&chi=1&cce=true&cec=GBK&tlm=1568754847&rw=513&ltu=http%3A%2F%2Fworld.people.com.cn%2Fn1%2F2019%2F0918%2Fc1002-31358498.html&ecd=1&uc=1920x1080&pis=-1x-1&sr=1920x1080&tcn=1568803408, is invoked via document.write. The network request for this script MAY be blocked by the browser in this or a future page load due to poor network connectivity. If blocked in this page load, it will be confirmed in a subsequent console message. See https://www.chromestatus.com/feature/5718547946799104 for more details.", source: http://dup.baidustatic.com/js/dm.js (3)
[0918/184328.250:INFO:CONSOLE(3)] "A parser-blocking, cross site (i.e. different eTLD+1) script, http://pos.baidu.com/tckm?psi=e45488147a984af712fee7583c8419ba&di=4953269&dri=0&dis=0&dai=0&ps=1757x783&enu=encoding&exps=110011&dcb=___adblockplus&dtm=SSP_JSONP&dvi=0.0&dci=-1&dpt=none&tsr=0&tpr=1568803408008&ti=%E8%8F%B2%E5%BE%8B%E5%AE%BE%E6%80%BB%E7%BB%9F%E6%9D%9C%E7%89&ari=2&dbv=2&drs=1&pcs=1167x513&pss=1167x2508&cfv=0&cpl=2&chi=1&cce=true&cec=GBK&tlm=1568754847&rw=513&ltu=http%3A%2F%2Fworld.people.com.cn%2Fn1%2F2019%2F0918%2Fc1002-31358498.html&ecd=1&uc=1920x1080&pis=-1x-1&sr=1920x1080&tcn=1568803408, is invoked via document.write. The network request for this script MAY be blocked by the browser in this or a future page load due to poor network connectivity. If blocked in this page load, it will be confirmed in a subsequent console message. See https://www.chromestatus.com/feature/5718547946799104 for more details.", source: http://dup.baidustatic.com/js/dm.js (3)
[0918/184328.259:INFO:CONSOLE(3)] "A parser-blocking, cross site (i.e. different eTLD+1) script, http://pos.baidu.com/tckm?psi=e45488147a984af712fee7583c8419ba&di=4953330&dri=0&dis=0&dai=0&ps=1767x783&enu=encoding&exps=110011&dcb=___adblockplus&dtm=SSP_JSONP&dvi=0.0&dci=-1&dpt=none&tsr=0&tpr=1568803408008&ti=%E8%8F%B2%E5%BE%8B%E5%AE%BE%E6%80%BB%E7%BB%9F%E6%9D%9C%E7%89&ari=2&dbv=2&drs=1&pcs=1167x513&pss=1167x2508&cfv=0&cpl=2&chi=1&cce=true&cec=GBK&tlm=1568754847&rw=513&ltu=http%3A%2F%2Fworld.people.com.cn%2Fn1%2F2019%2F0918%2Fc1002-31358498.html&ecd=1&uc=1920x1080&pis=-1x-1&sr=1920x1080&tcn=1568803408, is invoked via document.write. The network request for this script MAY be blocked by the browser in this or a future page load due to poor network connectivity. If blocked in this page load, it will be confirmed in a subsequent console message. See https://www.chromestatus.com/feature/5718547946799104 for more details.", source: http://dup.baidustatic.com/js/dm.js (3)
[0918/184328.259:INFO:CONSOLE(3)] "A parser-blocking, cross site (i.e. different eTLD+1) script, http://pos.baidu.com/tckm?psi=e45488147a984af712fee7583c8419ba&di=4953330&dri=0&dis=0&dai=0&ps=1767x783&enu=encoding&exps=110011&dcb=___adblockplus&dtm=SSP_JSONP&dvi=0.0&dci=-1&dpt=none&tsr=0&tpr=1568803408008&ti=%E8%8F%B2%E5%BE%8B%E5%AE%BE%E6%80%BB%E7%BB%9F%E6%9D%9C%E7%89&ari=2&dbv=2&drs=1&pcs=1167x513&pss=1167x2508&cfv=0&cpl=2&chi=1&cce=true&cec=GBK&tlm=1568754847&rw=513&ltu=http%3A%2F%2Fworld.people.com.cn%2Fn1%2F2019%2F0918%2Fc1002-31358498.html&ecd=1&uc=1920x1080&pis=-1x-1&sr=1920x1080&tcn=1568803408, is invoked via document.write. The network request for this script MAY be blocked by the browser in this or a future page load due to poor network connectivity. If blocked in this page load, it will be confirmed in a subsequent console message. See https://www.chromestatus.com/feature/5718547946799104 for more details.", source: http://dup.baidustatic.com/js/dm.js (3)
[0918/184328.273:INFO:CONSOLE(3)] "A parser-blocking, cross site (i.e. different eTLD+1) script, http://pos.baidu.com/tckm?psi=e45488147a984af712fee7583c8419ba&di=4953394&dri=0&dis=0&dai=0&ps=2108x783&enu=encoding&exps=110011&dcb=___adblockplus&dtm=SSP_JSONP&dvi=0.0&dci=-1&dpt=none&tsr=0&tpr=1568803408008&ti=%E8%8F%B2%E5%BE%8B%E5%AE%BE%E6%80%BB%E7%BB%9F%E6%9D%9C%E7%89&ari=2&dbv=2&drs=1&pcs=1167x513&pss=1167x2508&cfv=0&cpl=2&chi=1&cce=true&cec=GBK&tlm=1568754847&rw=513&ltu=http%3A%2F%2Fworld.people.com.cn%2Fn1%2F2019%2F0918%2Fc1002-31358498.html&ecd=1&uc=1920x1080&pis=-1x-1&sr=1920x1080&tcn=1568803408, is invoked via document.write. The network request for this script MAY be blocked by the browser in this or a future page load due to poor network connectivity. If blocked in this page load, it will be confirmed in a subsequent console message. See https://www.chromestatus.com/feature/5718547946799104 for more details.", source: http://dup.baidustatic.com/js/dm.js (3)
[0918/184328.273:INFO:CONSOLE(3)] "A parser-blocking, cross site (i.e. different eTLD+1) script, http://pos.baidu.com/tckm?psi=e45488147a984af712fee7583c8419ba&di=4953394&dri=0&dis=0&dai=0&ps=2108x783&enu=encoding&exps=110011&dcb=___adblockplus&dtm=SSP_JSONP&dvi=0.0&dci=-1&dpt=none&tsr=0&tpr=1568803408008&ti=%E8%8F%B2%E5%BE%8B%E5%AE%BE%E6%80%BB%E7%BB%9F%E6%9D%9C%E7%89&ari=2&dbv=2&drs=1&pcs=1167x513&pss=1167x2508&cfv=0&cpl=2&chi=1&cce=true&cec=GBK&tlm=1568754847&rw=513&ltu=http%3A%2F%2Fworld.people.com.cn%2Fn1%2F2019%2F0918%2Fc1002-31358498.html&ecd=1&uc=1920x1080&pis=-1x-1&sr=1920x1080&tcn=1568803408, is invoked via document.write. The network request for this script MAY be blocked by the browser in this or a future page load due to poor network connectivity. If blocked in this page load, it will be confirmed in a subsequent console message. See https://www.chromestatus.com/feature/5718547946799104 for more details.", source: http://dup.baidustatic.com/js/dm.js (3)
[0918/184328.282:INFO:CONSOLE(3)] "A parser-blocking, cross site (i.e. different eTLD+1) script, http://pos.baidu.com/tckm?psi=e45488147a984af712fee7583c8419ba&di=4953395&dri=0&dis=0&dai=0&ps=2118x783&enu=encoding&exps=110011&dcb=___adblockplus&dtm=SSP_JSONP&dvi=0.0&dci=-1&dpt=none&tsr=0&tpr=1568803408008&ti=%E8%8F%B2%E5%BE%8B%E5%AE%BE%E6%80%BB%E7%BB%9F%E6%9D%9C%E7%89&ari=2&dbv=2&drs=1&pcs=1167x513&pss=1167x2508&cfv=0&cpl=2&chi=1&cce=true&cec=GBK&tlm=1568754847&rw=513&ltu=http%3A%2F%2Fworld.people.com.cn%2Fn1%2F2019%2F0918%2Fc1002-31358498.html&ecd=1&uc=1920x1080&pis=-1x-1&sr=1920x1080&tcn=1568803408, is invoked via document.write. The network request for this script MAY be blocked by the browser in this or a future page load due to poor network connectivity. If blocked in this page load, it will be confirmed in a subsequent console message. See https://www.chromestatus.com/feature/5718547946799104 for more details.", source: http://dup.baidustatic.com/js/dm.js (3)
[0918/184328.283:INFO:CONSOLE(3)] "A parser-blocking, cross site (i.e. different eTLD+1) script, http://pos.baidu.com/tckm?psi=e45488147a984af712fee7583c8419ba&di=4953395&dri=0&dis=0&dai=0&ps=2118x783&enu=encoding&exps=110011&dcb=___adblockplus&dtm=SSP_JSONP&dvi=0.0&dci=-1&dpt=none&tsr=0&tpr=1568803408008&ti=%E8%8F%B2%E5%BE%8B%E5%AE%BE%E6%80%BB%E7%BB%9F%E6%9D%9C%E7%89&ari=2&dbv=2&drs=1&pcs=1167x513&pss=1167x2508&cfv=0&cpl=2&chi=1&cce=true&cec=GBK&tlm=1568754847&rw=513&ltu=http%3A%2F%2Fworld.people.com.cn%2Fn1%2F2019%2F0918%2Fc1002-31358498.html&ecd=1&uc=1920x1080&pis=-1x-1&sr=1920x1080&tcn=1568803408, is invoked via document.write. The network request for this script MAY be blocked by the browser in this or a future page load due to poor network connectivity. If blocked in this page load, it will be confirmed in a subsequent console message. See https://www.chromestatus.com/feature/5718547946799104 for more details.", source: http://dup.baidustatic.com/js/dm.js (3)
[0918/184328.291:INFO:CONSOLE(3)] "A parser-blocking, cross site (i.e. different eTLD+1) script, http://pos.baidu.com/tckm?psi=e45488147a984af712fee7583c8419ba&di=4953414&dri=0&dis=0&dai=0&ps=2128x783&enu=encoding&exps=110011&dcb=___adblockplus&dtm=SSP_JSONP&dvi=0.0&dci=-1&dpt=none&tsr=0&tpr=1568803408008&ti=%E8%8F%B2%E5%BE%8B%E5%AE%BE%E6%80%BB%E7%BB%9F%E6%9D%9C%E7%89&ari=2&dbv=2&drs=1&pcs=1167x513&pss=1167x2508&cfv=0&cpl=2&chi=1&cce=true&cec=GBK&tlm=1568754847&rw=513&ltu=http%3A%2F%2Fworld.people.com.cn%2Fn1%2F2019%2F0918%2Fc1002-31358498.html&ecd=1&uc=1920x1080&pis=-1x-1&sr=1920x1080&tcn=1568803408, is invoked via document.write. The network request for this script MAY be blocked by the browser in this or a future page load due to poor network connectivity. If blocked in this page load, it will be confirmed in a subsequent console message. See https://www.chromestatus.com/feature/5718547946799104 for more details.", source: http://dup.baidustatic.com/js/dm.js (3)
[0918/184328.291:INFO:CONSOLE(3)] "A parser-blocking, cross site (i.e. different eTLD+1) script, http://pos.baidu.com/tckm?psi=e45488147a984af712fee7583c8419ba&di=4953414&dri=0&dis=0&dai=0&ps=2128x783&enu=encoding&exps=110011&dcb=___adblockplus&dtm=SSP_JSONP&dvi=0.0&dci=-1&dpt=none&tsr=0&tpr=1568803408008&ti=%E8%8F%B2%E5%BE%8B%E5%AE%BE%E6%80%BB%E7%BB%9F%E6%9D%9C%E7%89&ari=2&dbv=2&drs=1&pcs=1167x513&pss=1167x2508&cfv=0&cpl=2&chi=1&cce=true&cec=GBK&tlm=1568754847&rw=513&ltu=http%3A%2F%2Fworld.people.com.cn%2Fn1%2F2019%2F0918%2Fc1002-31358498.html&ecd=1&uc=1920x1080&pis=-1x-1&sr=1920x1080&tcn=1568803408, is invoked via document.write. The network request for this script MAY be blocked by the browser in this or a future page load due to poor network connectivity. If blocked in this page load, it will be confirmed in a subsequent console message. See https://www.chromestatus.com/feature/5718547946799104 for more details.", source: http://dup.baidustatic.com/js/dm.js (3)
[0918/184328.379:INFO:CONSOLE(3)] "A parser-blocking, cross site (i.e. different eTLD+1) script, http://pos.baidu.com/tckm?psi=e45488147a984af712fee7583c8419ba&di=4953436&dri=0&dis=0&dai=0&ps=2606x0&enu=encoding&exps=110011&dcb=___adblockplus&dtm=SSP_JSONP&dvi=0.0&dci=-1&dpt=none&tsr=0&tpr=1568803408008&ti=%E8%8F%B2%E5%BE%8B%E5%AE%BE%E6%80%BB%E7%BB%9F%E6%9D%9C%E7%89&ari=2&dbv=2&drs=1&pcs=1167x513&pss=1167x2606&cfv=0&cpl=2&chi=1&cce=true&cec=GBK&tlm=1568754847&rw=513&ltu=http%3A%2F%2Fworld.people.com.cn%2Fn1%2F2019%2F0918%2Fc1002-31358498.html&ecd=1&uc=1920x1080&pis=-1x-1&sr=1920x1080&tcn=1568803408, is invoked via document.write. The network request for this script MAY be blocked by the browser in this or a future page load due to poor network connectivity. If blocked in this page load, it will be confirmed in a subsequent console message. See https://www.chromestatus.com/feature/5718547946799104 for more details.", source: http://dup.baidustatic.com/js/dm.js (3)
[0918/184328.380:INFO:CONSOLE(3)] "A parser-blocking, cross site (i.e. different eTLD+1) script, http://pos.baidu.com/tckm?psi=e45488147a984af712fee7583c8419ba&di=4953436&dri=0&dis=0&dai=0&ps=2606x0&enu=encoding&exps=110011&dcb=___adblockplus&dtm=SSP_JSONP&dvi=0.0&dci=-1&dpt=none&tsr=0&tpr=1568803408008&ti=%E8%8F%B2%E5%BE%8B%E5%AE%BE%E6%80%BB%E7%BB%9F%E6%9D%9C%E7%89&ari=2&dbv=2&drs=1&pcs=1167x513&pss=1167x2606&cfv=0&cpl=2&chi=1&cce=true&cec=GBK&tlm=1568754847&rw=513&ltu=http%3A%2F%2Fworld.people.com.cn%2Fn1%2F2019%2F0918%2Fc1002-31358498.html&ecd=1&uc=1920x1080&pis=-1x-1&sr=1920x1080&tcn=1568803408, is invoked via document.write. The network request for this script MAY be blocked by the browser in this or a future page load due to poor network connectivity. If blocked in this page load, it will be confirmed in a subsequent console message. See https://www.chromestatus.com/feature/5718547946799104 for more details.", source: http://dup.baidustatic.com/js/dm.js (3)
[0918/184328.396:INFO:CONSOLE(3)] "isApp---", source: http://js.people.cn/js/pa.js (3)
[0918/184328.396:INFO:CONSOLE(4)] "pa.js中的env======pro", source: http://js.people.cn/js/pa.js (4)
[0918/184329.483:INFO:CONSOLE(1)] "Uncaught ReferenceError: $ is not defined", source: about:blank (1)
[0918/184331.676:INFO:CONSOLE(1)] "Uncaught ReferenceError: $ is not defined", source: about:blank (1)
[0918/184334.527:INFO:CONSOLE(3)] "isApp---", source: http://js.people.cn/js/pa.js (3)
[0918/184334.528:INFO:CONSOLE(4)] "pa.js中的env======pro", source: http://js.people.cn/js/pa.js (4)
[0918/184424.247:INFO:CONSOLE(3)] "isApp---", source: http://js.people.cn/js/pa.js (3)
[0918/184424.247:INFO:CONSOLE(4)] "pa.js中的env======pro", source: http://js.people.cn/js/pa.js (4)
[0918/190352.456:INFO:CONSOLE(3)] "isApp---", source: http://js.people.cn/js/pa.js (3)
[0918/190352.457:INFO:CONSOLE(4)] "pa.js中的env======pro", source: http://js.people.cn/js/pa.js (4)
[0918/190354.533:ERROR:browser_process_sub_thread.cc(221)] Waited 10 ms for network service
[0919/091603.652:INFO:CONSOLE(3)] "isApp---", source: http://js.people.cn/js/pa.js (3)
[0919/091603.653:INFO:CONSOLE(4)] "pa.js中的env======pro", source: http://js.people.cn/js/pa.js (4)
[0923/103223.409:INFO:CONSOLE(1)] "Uncaught ReferenceError: $ is not defined", source: about:blank (1)
[0923/103223.594:INFO:CONSOLE(1)] "Uncaught ReferenceError: $ is not defined", source: about:blank (1)
[0923/103223.595:INFO:CONSOLE(1)] "Uncaught ReferenceError: $ is not defined", source: about:blank (1)
[0923/103223.596:INFO:CONSOLE(1)] "Uncaught ReferenceError: $ is not defined", source: about:blank (1)
[0923/103223.598:INFO:CONSOLE(1)] "Uncaught ReferenceError: $ is not defined", source: about:blank (1)
[0923/103223.599:INFO:CONSOLE(1)] "Uncaught ReferenceError: $ is not defined", source: about:blank (1)
[0923/103223.601:INFO:CONSOLE(1)] "Uncaught ReferenceError: $ is not defined", source: about:blank (1)
[0923/103223.603:INFO:CONSOLE(1)] "Uncaught ReferenceError: $ is not defined", source: about:blank (1)
[0923/103223.604:INFO:CONSOLE(1)] "Uncaught ReferenceError: $ is not defined", source: about:blank (1)
[0923/103223.605:INFO:CONSOLE(1)] "Uncaught ReferenceError: $ is not defined", source: about:blank (1)
[0923/103223.607:INFO:CONSOLE(1)] "Uncaught ReferenceError: $ is not defined", source: about:blank (1)
[0923/103223.610:INFO:CONSOLE(1)] "Uncaught ReferenceError: $ is not defined", source: about:blank (1)
[0923/103223.611:INFO:CONSOLE(1)] "Uncaught ReferenceError: $ is not defined", source: about:blank (1)
[0923/103223.613:INFO:CONSOLE(1)] "Uncaught ReferenceError: $ is not defined", source: about:blank (1)
[0923/103223.614:INFO:CONSOLE(1)] "Uncaught ReferenceError: $ is not defined", source: about:blank (1)
[0923/103223.615:INFO:CONSOLE(1)] "Uncaught ReferenceError: $ is not defined", source: about:blank (1)
[0923/103223.617:INFO:CONSOLE(1)] "Uncaught ReferenceError: $ is not defined", source: about:blank (1)
[0923/103223.618:INFO:CONSOLE(1)] "Uncaught ReferenceError: $ is not defined", source: about:blank (1)
[0923/103223.707:INFO:CONSOLE(1)] "Uncaught ReferenceError: $ is not defined", source: about:blank (1)
[0923/103223.707:INFO:CONSOLE(1)] "Uncaught ReferenceError: $ is not defined", source: about:blank (1)
[0923/103223.707:INFO:CONSOLE(1)] "Uncaught ReferenceError: $ is not defined", source: about:blank (1)
[0923/103223.759:INFO:CONSOLE(1)] "Uncaught ReferenceError: $ is not defined", source: about:blank (1)
[0923/103223.776:INFO:CONSOLE(1)] "Uncaught ReferenceError: $ is not defined", source: about:blank (1)
[0923/103223.777:INFO:CONSOLE(1)] "Uncaught ReferenceError: $ is not defined", source: about:blank (1)
[0923/103223.779:INFO:CONSOLE(1)] "Uncaught ReferenceError: $ is not defined", source: about:blank (1)
[0923/103223.779:INFO:CONSOLE(1)] "Uncaught ReferenceError: $ is not defined", source: about:blank (1)
[0923/103223.822:INFO:CONSOLE(1)] "Uncaught ReferenceError: $ is not defined", source: about:blank (1)
[0923/103224.139:INFO:CONSOLE(1)] "Uncaught ReferenceError: $ is not defined", source: about:blank (1)
[0923/103224.147:INFO:CONSOLE(1)] "Uncaught ReferenceError: $ is not defined", source: about:blank (1)
[0923/103544.789:INFO:CONSOLE(1)] "Uncaught ReferenceError: $ is not defined", source: about:blank (1)
[0923/103544.952:INFO:CONSOLE(1)] "Uncaught ReferenceError: $ is not defined", source: about:blank (1)
[0923/103544.953:INFO:CONSOLE(1)] "Uncaught ReferenceError: $ is not defined", source: about:blank (1)
[0923/103544.955:INFO:CONSOLE(1)] "Uncaught ReferenceError: $ is not defined", source: about:blank (1)
[0923/103544.956:INFO:CONSOLE(1)] "Uncaught ReferenceError: $ is not defined", source: about:blank (1)
[0923/103544.958:INFO:CONSOLE(1)] "Uncaught ReferenceError: $ is not defined", source: about:blank (1)
[0923/103544.959:INFO:CONSOLE(1)] "Uncaught ReferenceError: $ is not defined", source: about:blank (1)
[0923/103544.961:INFO:CONSOLE(1)] "Uncaught ReferenceError: $ is not defined", source: about:blank (1)
[0923/103544.962:INFO:CONSOLE(1)] "Uncaught ReferenceError: $ is not defined", source: about:blank (1)
[0923/103544.964:INFO:CONSOLE(1)] "Uncaught ReferenceError: $ is not defined", source: about:blank (1)
[0923/103544.965:INFO:CONSOLE(1)] "Uncaught ReferenceError: $ is not defined", source: about:blank (1)
[0923/103544.969:INFO:CONSOLE(1)] "Uncaught ReferenceError: $ is not defined", source: about:blank (1)
[0923/103544.970:INFO:CONSOLE(1)] "Uncaught ReferenceError: $ is not defined", source: about:blank (1)
[0923/103544.971:INFO:CONSOLE(1)] "Uncaught ReferenceError: $ is not defined", source: about:blank (1)
[0923/103544.974:INFO:CONSOLE(1)] "Uncaught ReferenceError: $ is not defined", source: about:blank (1)
[0923/103544.975:INFO:CONSOLE(1)] "Uncaught ReferenceError: $ is not defined", source: about:blank (1)
[0923/103544.977:INFO:CONSOLE(1)] "Uncaught ReferenceError: $ is not defined", source: about:blank (1)
[0923/103544.979:INFO:CONSOLE(1)] "Uncaught ReferenceError: $ is not defined", source: about:blank (1)
[0923/103545.067:INFO:CONSOLE(1)] "Uncaught ReferenceError: $ is not defined", source: about:blank (1)
[0923/103545.071:INFO:CONSOLE(1)] "Uncaught ReferenceError: $ is not defined", source: about:blank (1)
[0923/103545.083:INFO:CONSOLE(1)] "Uncaught ReferenceError: $ is not defined", source: about:blank (1)
[0923/103545.163:INFO:CONSOLE(1)] "Uncaught ReferenceError: $ is not defined", source: about:blank (1)
[0923/103545.166:INFO:CONSOLE(1)] "Uncaught ReferenceError: $ is not defined", source: about:blank (1)
[0923/103545.166:INFO:CONSOLE(1)] "Uncaught ReferenceError: $ is not defined", source: about:blank (1)
[0923/103545.166:INFO:CONSOLE(1)] "Uncaught ReferenceError: $ is not defined", source: about:blank (1)
[0923/103545.167:INFO:CONSOLE(1)] "Uncaught ReferenceError: $ is not defined", source: about:blank (1)
[0923/103545.174:INFO:CONSOLE(1)] "Uncaught ReferenceError: $ is not defined", source: about:blank (1)
[0923/103545.543:INFO:CONSOLE(1)] "Uncaught ReferenceError: $ is not defined", source: about:blank (1)
[0923/103545.550:INFO:CONSOLE(1)] "Uncaught ReferenceError: $ is not defined", source: about:blank (1)
[0923/103641.485:INFO:CONSOLE(1)] "Uncaught ReferenceError: $ is not defined", source: about:blank (1)
[0923/103641.655:INFO:CONSOLE(1)] "Uncaught ReferenceError: $ is not defined", source: about:blank (1)
[0923/103641.656:INFO:CONSOLE(1)] "Uncaught ReferenceError: $ is not defined", source: about:blank (1)
[0923/103641.658:INFO:CONSOLE(1)] "Uncaught ReferenceError: $ is not defined", source: about:blank (1)
[0923/103641.659:INFO:CONSOLE(1)] "Uncaught ReferenceError: $ is not defined", source: about:blank (1)
[0923/103641.660:INFO:CONSOLE(1)] "Uncaught ReferenceError: $ is not defined", source: about:blank (1)
[0923/103641.661:INFO:CONSOLE(1)] "Uncaught ReferenceError: $ is not defined", source: about:blank (1)
[0923/103641.663:INFO:CONSOLE(1)] "Uncaught ReferenceError: $ is not defined", source: about:blank (1)
[0923/103641.664:INFO:CONSOLE(1)] "Uncaught ReferenceError: $ is not defined", source: about:blank (1)
[0923/103641.666:INFO:CONSOLE(1)] "Uncaught ReferenceError: $ is not defined", source: about:blank (1)
[0923/103641.667:INFO:CONSOLE(1)] "Uncaught ReferenceError: $ is not defined", source: about:blank (1)
[0923/103641.670:INFO:CONSOLE(1)] "Uncaught ReferenceError: $ is not defined", source: about:blank (1)
[0923/103641.671:INFO:CONSOLE(1)] "Uncaught ReferenceError: $ is not defined", source: about:blank (1)
[0923/103641.674:INFO:CONSOLE(1)] "Uncaught ReferenceError: $ is not defined", source: about:blank (1)
[0923/103641.676:INFO:CONSOLE(1)] "Uncaught ReferenceError: $ is not defined", source: about:blank (1)
[0923/103641.677:INFO:CONSOLE(1)] "Uncaught ReferenceError: $ is not defined", source: about:blank (1)
[0923/103641.678:INFO:CONSOLE(1)] "Uncaught ReferenceError: $ is not defined", source: about:blank (1)
[0923/103641.707:INFO:CONSOLE(1)] "Uncaught ReferenceError: $ is not defined", source: about:blank (1)
[0923/103641.765:INFO:CONSOLE(1)] "Uncaught ReferenceError: $ is not defined", source: about:blank (1)
[0923/103641.769:INFO:CONSOLE(1)] "Uncaught ReferenceError: $ is not defined", source: about:blank (1)
[0923/103641.770:INFO:CONSOLE(1)] "Uncaught ReferenceError: $ is not defined", source: about:blank (1)
[0923/103641.822:INFO:CONSOLE(1)] "Uncaught ReferenceError: $ is not defined", source: about:blank (1)
[0923/103641.826:INFO:CONSOLE(1)] "Uncaught ReferenceError: $ is not defined", source: about:blank (1)
[0923/103641.828:INFO:CONSOLE(1)] "Uncaught ReferenceError: $ is not defined", source: about:blank (1)
[0923/103641.828:INFO:CONSOLE(1)] "Uncaught ReferenceError: $ is not defined", source: about:blank (1)
[0923/103641.829:INFO:CONSOLE(1)] "Uncaught ReferenceError: $ is not defined", source: about:blank (1)
[0923/103641.846:INFO:CONSOLE(1)] "Uncaught ReferenceError: $ is not defined", source: about:blank (1)
[0923/103642.024:INFO:CONSOLE(1)] "Uncaught ReferenceError: $ is not defined", source: about:blank (1)
[0923/103642.039:INFO:CONSOLE(1)] "Uncaught ReferenceError: $ is not defined", source: about:blank (1)
[0923/103903.999:INFO:CONSOLE(1)] "Uncaught ReferenceError: $ is not defined", source: about:blank (1)
[0923/103904.183:INFO:CONSOLE(1)] "Uncaught ReferenceError: $ is not defined", source: about:blank (1)
[0923/103904.185:INFO:CONSOLE(1)] "Uncaught ReferenceError: $ is not defined", source: about:blank (1)
[0923/103904.187:INFO:CONSOLE(1)] "Uncaught ReferenceError: $ is not defined", source: about:blank (1)
[0923/103904.188:INFO:CONSOLE(1)] "Uncaught ReferenceError: $ is not defined", source: about:blank (1)
[0923/103904.189:INFO:CONSOLE(1)] "Uncaught ReferenceError: $ is not defined", source: about:blank (1)
[0923/103904.191:INFO:CONSOLE(1)] "Uncaught ReferenceError: $ is not defined", source: about:blank (1)
[0923/103904.192:INFO:CONSOLE(1)] "Uncaught ReferenceError: $ is not defined", source: about:blank (1)
[0923/103904.193:INFO:CONSOLE(1)] "Uncaught ReferenceError: $ is not defined", source: about:blank (1)
[0923/103904.195:INFO:CONSOLE(1)] "Uncaught ReferenceError: $ is not defined", source: about:blank (1)
[0923/103904.196:INFO:CONSOLE(1)] "Uncaught ReferenceError: $ is not defined", source: about:blank (1)
[0923/103904.199:INFO:CONSOLE(1)] "Uncaught ReferenceError: $ is not defined", source: about:blank (1)
[0923/103904.200:INFO:CONSOLE(1)] "Uncaught ReferenceError: $ is not defined", source: about:blank (1)
[0923/103904.202:INFO:CONSOLE(1)] "Uncaught ReferenceError: $ is not defined", source: about:blank (1)
[0923/103904.203:INFO:CONSOLE(1)] "Uncaught ReferenceError: $ is not defined", source: about:blank (1)
[0923/103904.205:INFO:CONSOLE(1)] "Uncaught ReferenceError: $ is not defined", source: about:blank (1)
[0923/103904.232:INFO:CONSOLE(1)] "Uncaught ReferenceError: $ is not defined", source: about:blank (1)
[0923/103904.235:INFO:CONSOLE(1)] "Uncaught ReferenceError: $ is not defined", source: about:blank (1)
[0923/103904.303:INFO:CONSOLE(1)] "Uncaught ReferenceError: $ is not defined", source: about:blank (1)
[0923/103904.303:INFO:CONSOLE(1)] "Uncaught ReferenceError: $ is not defined", source: about:blank (1)
[0923/103904.303:INFO:CONSOLE(1)] "Uncaught ReferenceError: $ is not defined", source: about:blank (1)
[0923/103904.372:INFO:CONSOLE(1)] "Uncaught ReferenceError: $ is not defined", source: about:blank (1)
[0923/103904.372:INFO:CONSOLE(1)] "Uncaught ReferenceError: $ is not defined", source: about:blank (1)
[0923/103904.372:INFO:CONSOLE(1)] "Uncaught ReferenceError: $ is not defined", source: about:blank (1)
[0923/103904.372:INFO:CONSOLE(1)] "Uncaught ReferenceError: $ is not defined", source: about:blank (1)
[0923/103904.373:INFO:CONSOLE(1)] "Uncaught ReferenceError: $ is not defined", source: about:blank (1)
[0923/103904.379:INFO:CONSOLE(1)] "Uncaught ReferenceError: $ is not defined", source: about:blank (1)
[0923/103904.648:INFO:CONSOLE(1)] "Uncaught ReferenceError: $ is not defined", source: about:blank (1)
[0923/103904.654:INFO:CONSOLE(1)] "Uncaught ReferenceError: $ is not defined", source: about:blank (1)
[0923/104142.622:INFO:CONSOLE(1)] "Uncaught ReferenceError: $ is not defined", source: about:blank (1)
[0923/104142.695:INFO:CONSOLE(1)] "Uncaught ReferenceError: $ is not defined", source: about:blank (1)
[0923/104142.696:INFO:CONSOLE(1)] "Uncaught ReferenceError: $ is not defined", source: about:blank (1)
[0923/104142.697:INFO:CONSOLE(1)] "Uncaught ReferenceError: $ is not defined", source: about:blank (1)
[0923/104142.699:INFO:CONSOLE(1)] "Uncaught ReferenceError: $ is not defined", source: about:blank (1)
[0923/104142.700:INFO:CONSOLE(1)] "Uncaught ReferenceError: $ is not defined", source: about:blank (1)
[0923/104142.702:INFO:CONSOLE(1)] "Uncaught ReferenceError: $ is not defined", source: about:blank (1)
[0923/104142.703:INFO:CONSOLE(1)] "Uncaught ReferenceError: $ is not defined", source: about:blank (1)
[0923/104142.704:INFO:CONSOLE(1)] "Uncaught ReferenceError: $ is not defined", source: about:blank (1)
[0923/104142.706:INFO:CONSOLE(1)] "Uncaught ReferenceError: $ is not defined", source: about:blank (1)
[0923/104142.708:INFO:CONSOLE(1)] "Uncaught ReferenceError: $ is not defined", source: about:blank (1)
[0923/104142.711:INFO:CONSOLE(1)] "Uncaught ReferenceError: $ is not defined", source: about:blank (1)
[0923/104142.712:INFO:CONSOLE(1)] "Uncaught ReferenceError: $ is not defined", source: about:blank (1)
[0923/104142.714:INFO:CONSOLE(1)] "Uncaught ReferenceError: $ is not defined", source: about:blank (1)
[0923/104142.717:INFO:CONSOLE(1)] "Uncaught ReferenceError: $ is not defined", source: about:blank (1)
[0923/104142.718:INFO:CONSOLE(1)] "Uncaught ReferenceError: $ is not defined", source: about:blank (1)
[0923/104142.719:INFO:CONSOLE(1)] "Uncaught ReferenceError: $ is not defined", source: about:blank (1)
[0923/104142.721:INFO:CONSOLE(1)] "Uncaught ReferenceError: $ is not defined", source: about:blank (1)
[0923/104142.817:INFO:CONSOLE(1)] "Uncaught ReferenceError: $ is not defined", source: about:blank (1)
[0923/104142.818:INFO:CONSOLE(1)] "Uncaught ReferenceError: $ is not defined", source: about:blank (1)
[0923/104142.818:INFO:CONSOLE(1)] "Uncaught ReferenceError: $ is not defined", source: about:blank (1)
[0923/104142.887:INFO:CONSOLE(1)] "Uncaught ReferenceError: $ is not defined", source: about:blank (1)
[0923/104142.888:INFO:CONSOLE(1)] "Uncaught ReferenceError: $ is not defined", source: about:blank (1)
[0923/104142.888:INFO:CONSOLE(1)] "Uncaught ReferenceError: $ is not defined", source: about:blank (1)
[0923/104142.888:INFO:CONSOLE(1)] "Uncaught ReferenceError: $ is not defined", source: about:blank (1)
[0923/104142.888:INFO:CONSOLE(1)] "Uncaught ReferenceError: $ is not defined", source: about:blank (1)
[0923/104142.897:INFO:CONSOLE(1)] "Uncaught ReferenceError: $ is not defined", source: about:blank (1)
[0923/104143.227:INFO:CONSOLE(1)] "Uncaught ReferenceError: $ is not defined", source: about:blank (1)
[0923/104143.233:INFO:CONSOLE(1)] "Uncaught ReferenceError: $ is not defined", source: about:blank (1)
[0923/104431.379:INFO:CONSOLE(1)] "Uncaught ReferenceError: $ is not defined", source: about:blank (1)
[0923/104431.547:INFO:CONSOLE(1)] "Uncaught ReferenceError: $ is not defined", source: about:blank (1)
[0923/104431.550:INFO:CONSOLE(1)] "Uncaught ReferenceError: $ is not defined", source: about:blank (1)
[0923/104431.550:INFO:CONSOLE(1)] "Uncaught ReferenceError: $ is not defined", source: about:blank (1)
[0923/104431.552:INFO:CONSOLE(1)] "Uncaught ReferenceError: $ is not defined", source: about:blank (1)
[0923/104431.553:INFO:CONSOLE(1)] "Uncaught ReferenceError: $ is not defined", source: about:blank (1)
[0923/104431.554:INFO:CONSOLE(1)] "Uncaught ReferenceError: $ is not defined", source: about:blank (1)
[0923/104431.556:INFO:CONSOLE(1)] "Uncaught ReferenceError: $ is not defined", source: about:blank (1)
[0923/104431.558:INFO:CONSOLE(1)] "Uncaught ReferenceError: $ is not defined", source: about:blank (1)
[0923/104431.559:INFO:CONSOLE(1)] "Uncaught ReferenceError: $ is not defined", source: about:blank (1)
[0923/104431.561:INFO:CONSOLE(1)] "Uncaught ReferenceError: $ is not defined", source: about:blank (1)
[0923/104431.563:INFO:CONSOLE(1)] "Uncaught ReferenceError: $ is not defined", source: about:blank (1)
[0923/104431.566:INFO:CONSOLE(1)] "Uncaught ReferenceError: $ is not defined", source: about:blank (1)
[0923/104431.567:INFO:CONSOLE(1)] "Uncaught ReferenceError: $ is not defined", source: about:blank (1)
[0923/104431.569:INFO:CONSOLE(1)] "Uncaught ReferenceError: $ is not defined", source: about:blank (1)
[0923/104431.570:INFO:CONSOLE(1)] "Uncaught ReferenceError: $ is not defined", source: about:blank (1)
[0923/104431.572:INFO:CONSOLE(1)] "Uncaught ReferenceError: $ is not defined", source: about:blank (1)
[0923/104431.572:INFO:CONSOLE(1)] "Uncaught ReferenceError: $ is not defined", source: about:blank (1)
[0923/104431.642:INFO:CONSOLE(1)] "Uncaught ReferenceError: $ is not defined", source: about:blank (1)
[0923/104431.642:INFO:CONSOLE(1)] "Uncaught ReferenceError: $ is not defined", source: about:blank (1)
[0923/104431.642:INFO:CONSOLE(1)] "Uncaught ReferenceError: $ is not defined", source: about:blank (1)
[0923/104431.709:INFO:CONSOLE(1)] "Uncaught ReferenceError: $ is not defined", source: about:blank (1)
[0923/104431.725:INFO:CONSOLE(1)] "Uncaught ReferenceError: $ is not defined", source: about:blank (1)
[0923/104431.726:INFO:CONSOLE(1)] "Uncaught ReferenceError: $ is not defined", source: about:blank (1)
[0923/104431.727:INFO:CONSOLE(1)] "Uncaught ReferenceError: $ is not defined", source: about:blank (1)
[0923/104431.727:INFO:CONSOLE(1)] "Uncaught ReferenceError: $ is not defined", source: about:blank (1)
[0923/104431.742:INFO:CONSOLE(1)] "Uncaught ReferenceError: $ is not defined", source: about:blank (1)
[0923/104432.285:INFO:CONSOLE(1)] "Uncaught ReferenceError: $ is not defined", source: about:blank (1)
[0923/104432.298:INFO:CONSOLE(1)] "Uncaught ReferenceError: $ is not defined", source: about:blank (1)
[0923/104502.084:INFO:CONSOLE(1)] "Uncaught ReferenceError: $ is not defined", source: about:blank (1)
[0923/104502.157:INFO:CONSOLE(1)] "Uncaught ReferenceError: $ is not defined", source: about:blank (1)
[0923/104502.158:INFO:CONSOLE(1)] "Uncaught ReferenceError: $ is not defined", source: about:blank (1)
[0923/104502.160:INFO:CONSOLE(1)] "Uncaught ReferenceError: $ is not defined", source: about:blank (1)
[0923/104502.162:INFO:CONSOLE(1)] "Uncaught ReferenceError: $ is not defined", source: about:blank (1)
[0923/104502.163:INFO:CONSOLE(1)] "Uncaught ReferenceError: $ is not defined", source: about:blank (1)
[0923/104502.164:INFO:CONSOLE(1)] "Uncaught ReferenceError: $ is not defined", source: about:blank (1)
[0923/104502.166:INFO:CONSOLE(1)] "Uncaught ReferenceError: $ is not defined", source: about:blank (1)
[0923/104502.167:INFO:CONSOLE(1)] "Uncaught ReferenceError: $ is not defined", source: about:blank (1)
[0923/104502.168:INFO:CONSOLE(1)] "Uncaught ReferenceError: $ is not defined", source: about:blank (1)
[0923/104502.169:INFO:CONSOLE(1)] "Uncaught ReferenceError: $ is not defined", source: about:blank (1)
[0923/104502.172:INFO:CONSOLE(1)] "Uncaught ReferenceError: $ is not defined", source: about:blank (1)
[0923/104502.173:INFO:CONSOLE(1)] "Uncaught ReferenceError: $ is not defined", source: about:blank (1)
[0923/104502.174:INFO:CONSOLE(1)] "Uncaught ReferenceError: $ is not defined", source: about:blank (1)
[0923/104502.176:INFO:CONSOLE(1)] "Uncaught ReferenceError: $ is not defined", source: about:blank (1)
[0923/104502.177:INFO:CONSOLE(1)] "Uncaught ReferenceError: $ is not defined", source: about:blank (1)
[0923/104502.178:INFO:CONSOLE(1)] "Uncaught ReferenceError: $ is not defined", source: about:blank (1)
[0923/104502.180:INFO:CONSOLE(1)] "Uncaught ReferenceError: $ is not defined", source: about:blank (1)
[0923/104502.245:INFO:CONSOLE(1)] "Uncaught ReferenceError: $ is not defined", source: about:blank (1)
[0923/104502.248:INFO:CONSOLE(1)] "Uncaught ReferenceError: $ is not defined", source: about:blank (1)
[0923/104502.248:INFO:CONSOLE(1)] "Uncaught ReferenceError: $ is not defined", source: about:blank (1)
[0923/104502.300:INFO:CONSOLE(1)] "Uncaught ReferenceError: $ is not defined", source: about:blank (1)
[0923/104502.300:INFO:CONSOLE(1)] "Uncaught ReferenceError: $ is not defined", source: about:blank (1)
[0923/104502.300:INFO:CONSOLE(1)] "Uncaught ReferenceError: $ is not defined", source: about:blank (1)
[0923/104502.306:INFO:CONSOLE(1)] "Uncaught ReferenceError: $ is not defined", source: about:blank (1)
[0923/104502.306:INFO:CONSOLE(1)] "Uncaught ReferenceError: $ is not defined", source: about:blank (1)
[0923/104502.350:INFO:CONSOLE(1)] "Uncaught ReferenceError: $ is not defined", source: about:blank (1)
[0923/104502.845:INFO:CONSOLE(1)] "Uncaught ReferenceError: $ is not defined", source: about:blank (1)
[0923/104502.851:INFO:CONSOLE(1)] "Uncaught ReferenceError: $ is not defined", source: about:blank (1)
[0924/160436.697:INFO:CONSOLE(1)] "Uncaught ReferenceError: $ is not defined", source: about:blank (1)
[0924/160436.791:INFO:CONSOLE(1)] "Uncaught ReferenceError: $ is not defined", source: about:blank (1)
[0924/160436.792:INFO:CONSOLE(1)] "Uncaught ReferenceError: $ is not defined", source: about:blank (1)
[0924/160436.794:INFO:CONSOLE(1)] "Uncaught ReferenceError: $ is not defined", source: about:blank (1)
[0924/160436.795:INFO:CONSOLE(1)] "Uncaught ReferenceError: $ is not defined", source: about:blank (1)
[0924/160436.796:INFO:CONSOLE(1)] "Uncaught ReferenceError: $ is not defined", source: about:blank (1)
[0924/160436.798:INFO:CONSOLE(1)] "Uncaught ReferenceError: $ is not defined", source: about:blank (1)
[0924/160436.799:INFO:CONSOLE(1)] "Uncaught ReferenceError: $ is not defined", source: about:blank (1)
[0924/160436.801:INFO:CONSOLE(1)] "Uncaught ReferenceError: $ is not defined", source: about:blank (1)
[0924/160436.802:INFO:CONSOLE(1)] "Uncaught ReferenceError: $ is not defined", source: about:blank (1)
[0924/160436.804:INFO:CONSOLE(1)] "Uncaught ReferenceError: $ is not defined", source: about:blank (1)
[0924/160436.805:INFO:CONSOLE(1)] "Uncaught ReferenceError: $ is not defined", source: about:blank (1)
[0924/160436.809:INFO:CONSOLE(1)] "Uncaught ReferenceError: $ is not defined", source: about:blank (1)
[0924/160436.810:INFO:CONSOLE(1)] "Uncaught ReferenceError: $ is not defined", source: about:blank (1)
[0924/160436.811:INFO:CONSOLE(1)] "Uncaught ReferenceError: $ is not defined", source: about:blank (1)
[0924/160436.813:INFO:CONSOLE(1)] "Uncaught ReferenceError: $ is not defined", source: about:blank (1)
[0924/160436.814:INFO:CONSOLE(1)] "Uncaught ReferenceError: $ is not defined", source: about:blank (1)
[0924/160436.816:INFO:CONSOLE(1)] "Uncaught ReferenceError: $ is not defined", source: about:blank (1)
[0924/160437.055:INFO:CONSOLE(1)] "Uncaught ReferenceError: $ is not defined", source: about:blank (1)
[0924/160437.055:INFO:CONSOLE(1)] "Uncaught ReferenceError: $ is not defined", source: about:blank (1)
[0924/160437.055:INFO:CONSOLE(1)] "Uncaught ReferenceError: $ is not defined", source: about:blank (1)
[0924/160437.055:INFO:CONSOLE(1)] "Uncaught ReferenceError: $ is not defined", source: about:blank (1)
[0924/160437.055:INFO:CONSOLE(1)] "Uncaught ReferenceError: $ is not defined", source: about:blank (1)
[0924/160437.055:INFO:CONSOLE(1)] "Uncaught ReferenceError: $ is not defined", source: about:blank (1)
[0924/160437.055:INFO:CONSOLE(1)] "Uncaught ReferenceError: $ is not defined", source: about:blank (1)
[0924/160437.055:INFO:CONSOLE(1)] "Uncaught ReferenceError: $ is not defined", source: about:blank (1)
[0924/160437.056:INFO:CONSOLE(1)] "Uncaught ReferenceError: $ is not defined", source: about:blank (1)
[0924/160438.301:INFO:CONSOLE(1)] "Uncaught ReferenceError: $ is not defined", source: about:blank (1)
[0924/160438.312:INFO:CONSOLE(1)] "Uncaught ReferenceError: $ is not defined", source: about:blank (1)
[0924/160526.337:INFO:CONSOLE(1)] "Uncaught ReferenceError: $ is not defined", source: about:blank (1)
[0924/160526.543:INFO:CONSOLE(1)] "Uncaught ReferenceError: $ is not defined", source: about:blank (1)
[0924/160526.545:INFO:CONSOLE(1)] "Uncaught ReferenceError: $ is not defined", source: about:blank (1)
[0924/160526.547:INFO:CONSOLE(1)] "Uncaught ReferenceError: $ is not defined", source: about:blank (1)
[0924/160526.547:INFO:CONSOLE(1)] "Uncaught ReferenceError: $ is not defined", source: about:blank (1)
[0924/160526.548:INFO:CONSOLE(1)] "Uncaught ReferenceError: $ is not defined", source: about:blank (1)
[0924/160526.550:INFO:CONSOLE(1)] "Uncaught ReferenceError: $ is not defined", source: about:blank (1)
[0924/160526.552:INFO:CONSOLE(1)] "Uncaught ReferenceError: $ is not defined", source: about:blank (1)
[0924/160526.553:INFO:CONSOLE(1)] "Uncaught ReferenceError: $ is not defined", source: about:blank (1)
[0924/160526.555:INFO:CONSOLE(1)] "Uncaught ReferenceError: $ is not defined", source: about:blank (1)
[0924/160526.556:INFO:CONSOLE(1)] "Uncaught ReferenceError: $ is not defined", source: about:blank (1)
[0924/160526.559:INFO:CONSOLE(1)] "Uncaught ReferenceError: $ is not defined", source: about:blank (1)
[0924/160526.560:INFO:CONSOLE(1)] "Uncaught ReferenceError: $ is not defined", source: about:blank (1)
[0924/160526.562:INFO:CONSOLE(1)] "Uncaught ReferenceError: $ is not defined", source: about:blank (1)
[0924/160526.563:INFO:CONSOLE(1)] "Uncaught ReferenceError: $ is not defined", source: about:blank (1)
[0924/160526.565:INFO:CONSOLE(1)] "Uncaught ReferenceError: $ is not defined", source: about:blank (1)
[0924/160526.566:INFO:CONSOLE(1)] "Uncaught ReferenceError: $ is not defined", source: about:blank (1)
[0924/160526.568:INFO:CONSOLE(1)] "Uncaught ReferenceError: $ is not defined", source: about:blank (1)
[0924/160526.694:INFO:CONSOLE(1)] "Uncaught ReferenceError: $ is not defined", source: about:blank (1)
[0924/160526.698:INFO:CONSOLE(1)] "Uncaught ReferenceError: $ is not defined", source: about:blank (1)
[0924/160526.701:INFO:CONSOLE(1)] "Uncaught ReferenceError: $ is not defined", source: about:blank (1)
[0924/160526.759:INFO:CONSOLE(1)] "Uncaught ReferenceError: $ is not defined", source: about:blank (1)
[0924/160526.759:INFO:CONSOLE(1)] "Uncaught ReferenceError: $ is not defined", source: about:blank (1)
[0924/160526.759:INFO:CONSOLE(1)] "Uncaught ReferenceError: $ is not defined", source: about:blank (1)
[0924/160526.759:INFO:CONSOLE(1)] "Uncaught ReferenceError: $ is not defined", source: about:blank (1)
[0924/160526.759:INFO:CONSOLE(1)] "Uncaught ReferenceError: $ is not defined", source: about:blank (1)
[0924/160526.766:INFO:CONSOLE(1)] "Uncaught ReferenceError: $ is not defined", source: about:blank (1)
[0924/160527.043:INFO:CONSOLE(1)] "Uncaught ReferenceError: $ is not defined", source: about:blank (1)
[0924/160527.052:INFO:CONSOLE(1)] "Uncaught ReferenceError: $ is not defined", source: about:blank (1)
[0924/160619.319:INFO:CONSOLE(1)] "Uncaught ReferenceError: $ is not defined", source: about:blank (1)
[0924/160619.509:INFO:CONSOLE(1)] "Uncaught ReferenceError: $ is not defined", source: about:blank (1)
[0924/160619.511:INFO:CONSOLE(1)] "Uncaught ReferenceError: $ is not defined", source: about:blank (1)
[0924/160619.512:INFO:CONSOLE(1)] "Uncaught ReferenceError: $ is not defined", source: about:blank (1)
[0924/160619.513:INFO:CONSOLE(1)] "Uncaught ReferenceError: $ is not defined", source: about:blank (1)
[0924/160619.515:INFO:CONSOLE(1)] "Uncaught ReferenceError: $ is not defined", source: about:blank (1)
[0924/160619.516:INFO:CONSOLE(1)] "Uncaught ReferenceError: $ is not defined", source: about:blank (1)
[0924/160619.517:INFO:CONSOLE(1)] "Uncaught ReferenceError: $ is not defined", source: about:blank (1)
[0924/160619.519:INFO:CONSOLE(1)] "Uncaught ReferenceError: $ is not defined", source: about:blank (1)
[0924/160619.520:INFO:CONSOLE(1)] "Uncaught ReferenceError: $ is not defined", source: about:blank (1)
[0924/160619.522:INFO:CONSOLE(1)] "Uncaught ReferenceError: $ is not defined", source: about:blank (1)
[0924/160619.524:INFO:CONSOLE(1)] "Uncaught ReferenceError: $ is not defined", source: about:blank (1)
[0924/160619.526:INFO:CONSOLE(1)] "Uncaught ReferenceError: $ is not defined", source: about:blank (1)
[0924/160619.527:INFO:CONSOLE(1)] "Uncaught ReferenceError: $ is not defined", source: about:blank (1)
[0924/160619.531:INFO:CONSOLE(1)] "Uncaught ReferenceError: $ is not defined", source: about:blank (1)
[0924/160619.532:INFO:CONSOLE(1)] "Uncaught ReferenceError: $ is not defined", source: about:blank (1)
[0924/160619.533:INFO:CONSOLE(1)] "Uncaught ReferenceError: $ is not defined", source: about:blank (1)
[0924/160619.535:INFO:CONSOLE(1)] "Uncaught ReferenceError: $ is not defined", source: about:blank (1)
[0924/160619.639:INFO:CONSOLE(1)] "Uncaught ReferenceError: $ is not defined", source: about:blank (1)
[0924/160619.641:INFO:CONSOLE(1)] "Uncaught ReferenceError: $ is not defined", source: about:blank (1)
[0924/160619.642:INFO:CONSOLE(1)] "Uncaught ReferenceError: $ is not defined", source: about:blank (1)
[0924/160619.721:INFO:CONSOLE(1)] "Uncaught ReferenceError: $ is not defined", source: about:blank (1)
[0924/160619.722:INFO:CONSOLE(1)] "Uncaught ReferenceError: $ is not defined", source: about:blank (1)
[0924/160619.722:INFO:CONSOLE(1)] "Uncaught ReferenceError: $ is not defined", source: about:blank (1)
[0924/160619.722:INFO:CONSOLE(1)] "Uncaught ReferenceError: $ is not defined", source: about:blank (1)
[0924/160619.722:INFO:CONSOLE(1)] "Uncaught ReferenceError: $ is not defined", source: about:blank (1)
[0924/160619.728:INFO:CONSOLE(1)] "Uncaught ReferenceError: $ is not defined", source: about:blank (1)
[0924/160620.404:INFO:CONSOLE(1)] "Uncaught ReferenceError: $ is not defined", source: about:blank (1)
[0924/160620.412:INFO:CONSOLE(1)] "Uncaught ReferenceError: $ is not defined", source: about:blank (1)
[0924/160700.518:INFO:CONSOLE(1)] "Uncaught ReferenceError: $ is not defined", source: about:blank (1)
[0924/160700.723:INFO:CONSOLE(1)] "Uncaught ReferenceError: $ is not defined", source: about:blank (1)
[0924/160700.724:INFO:CONSOLE(1)] "Uncaught ReferenceError: $ is not defined", source: about:blank (1)
[0924/160700.726:INFO:CONSOLE(1)] "Uncaught ReferenceError: $ is not defined", source: about:blank (1)
[0924/160700.727:INFO:CONSOLE(1)] "Uncaught ReferenceError: $ is not defined", source: about:blank (1)
[0924/160700.728:INFO:CONSOLE(1)] "Uncaught ReferenceError: $ is not defined", source: about:blank (1)
[0924/160700.729:INFO:CONSOLE(1)] "Uncaught ReferenceError: $ is not defined", source: about:blank (1)
[0924/160700.731:INFO:CONSOLE(1)] "Uncaught ReferenceError: $ is not defined", source: about:blank (1)
[0924/160700.733:INFO:CONSOLE(1)] "Uncaught ReferenceError: $ is not defined", source: about:blank (1)
[0924/160700.735:INFO:CONSOLE(1)] "Uncaught ReferenceError: $ is not defined", source: about:blank (1)
[0924/160700.737:INFO:CONSOLE(1)] "Uncaught ReferenceError: $ is not defined", source: about:blank (1)
[0924/160700.739:INFO:CONSOLE(1)] "Uncaught ReferenceError: $ is not defined", source: about:blank (1)
[0924/160700.741:INFO:CONSOLE(1)] "Uncaught ReferenceError: $ is not defined", source: about:blank (1)
[0924/160700.742:INFO:CONSOLE(1)] "Uncaught ReferenceError: $ is not defined", source: about:blank (1)
[0924/160700.744:INFO:CONSOLE(1)] "Uncaught ReferenceError: $ is not defined", source: about:blank (1)
[0924/160700.745:INFO:CONSOLE(1)] "Uncaught ReferenceError: $ is not defined", source: about:blank (1)
[0924/160700.747:INFO:CONSOLE(1)] "Uncaught ReferenceError: $ is not defined", source: about:blank (1)
[0924/160700.749:INFO:CONSOLE(1)] "Uncaught ReferenceError: $ is not defined", source: about:blank (1)
[0924/160700.808:INFO:CONSOLE(1)] "Uncaught ReferenceError: $ is not defined", source: about:blank (1)
[0924/160700.808:INFO:CONSOLE(1)] "Uncaught ReferenceError: $ is not defined", source: about:blank (1)
[0924/160700.808:INFO:CONSOLE(1)] "Uncaught ReferenceError: $ is not defined", source: about:blank (1)
[0924/160700.831:INFO:CONSOLE(1)] "Uncaught ReferenceError: $ is not defined", source: about:blank (1)
[0924/160700.831:INFO:CONSOLE(1)] "Uncaught ReferenceError: $ is not defined", source: about:blank (1)
[0924/160700.831:INFO:CONSOLE(1)] "Uncaught ReferenceError: $ is not defined", source: about:blank (1)
[0924/160700.832:INFO:CONSOLE(1)] "Uncaught ReferenceError: $ is not defined", source: about:blank (1)
[0924/160700.832:INFO:CONSOLE(1)] "Uncaught ReferenceError: $ is not defined", source: about:blank (1)
[0924/160700.859:INFO:CONSOLE(1)] "Uncaught ReferenceError: $ is not defined", source: about:blank (1)
[0924/160701.715:INFO:CONSOLE(1)] "Uncaught ReferenceError: $ is not defined", source: about:blank (1)
[0924/160701.722:INFO:CONSOLE(1)] "Uncaught ReferenceError: $ is not defined", source: about:blank (1)
[0924/160729.476:INFO:CONSOLE(1)] "Uncaught ReferenceError: $ is not defined", source: about:blank (1)
[0924/160729.744:INFO:CONSOLE(1)] "Uncaught ReferenceError: $ is not defined", source: about:blank (1)
[0924/160729.745:INFO:CONSOLE(1)] "Uncaught ReferenceError: $ is not defined", source: about:blank (1)
[0924/160729.746:INFO:CONSOLE(1)] "Uncaught ReferenceError: $ is not defined", source: about:blank (1)
[0924/160729.748:INFO:CONSOLE(1)] "Uncaught ReferenceError: $ is not defined", source: about:blank (1)
[0924/160729.749:INFO:CONSOLE(1)] "Uncaught ReferenceError: $ is not defined", source: about:blank (1)
[0924/160729.750:INFO:CONSOLE(1)] "Uncaught ReferenceError: $ is not defined", source: about:blank (1)
[0924/160729.752:INFO:CONSOLE(1)] "Uncaught ReferenceError: $ is not defined", source: about:blank (1)
[0924/160729.753:INFO:CONSOLE(1)] "Uncaught ReferenceError: $ is not defined", source: about:blank (1)
[0924/160729.755:INFO:CONSOLE(1)] "Uncaught ReferenceError: $ is not defined", source: about:blank (1)
[0924/160729.756:INFO:CONSOLE(1)] "Uncaught ReferenceError: $ is not defined", source: about:blank (1)
[0924/160729.760:INFO:CONSOLE(1)] "Uncaught ReferenceError: $ is not defined", source: about:blank (1)
[0924/160729.761:INFO:CONSOLE(1)] "Uncaught ReferenceError: $ is not defined", source: about:blank (1)
[0924/160729.765:INFO:CONSOLE(1)] "Uncaught ReferenceError: $ is not defined", source: about:blank (1)
[0924/160729.766:INFO:CONSOLE(1)] "Uncaught ReferenceError: $ is not defined", source: about:blank (1)
[0924/160729.767:INFO:CONSOLE(1)] "Uncaught ReferenceError: $ is not defined", source: about:blank (1)
[0924/160729.769:INFO:CONSOLE(1)] "Uncaught ReferenceError: $ is not defined", source: about:blank (1)
[0924/160729.770:INFO:CONSOLE(1)] "Uncaught ReferenceError: $ is not defined", source: about:blank (1)
[0924/160729.835:INFO:CONSOLE(1)] "Uncaught ReferenceError: $ is not defined", source: about:blank (1)
[0924/160729.835:INFO:CONSOLE(1)] "Uncaught ReferenceError: $ is not defined", source: about:blank (1)
[0924/160729.836:INFO:CONSOLE(1)] "Uncaught ReferenceError: $ is not defined", source: about:blank (1)
[0924/160729.883:INFO:CONSOLE(1)] "Uncaught ReferenceError: $ is not defined", source: about:blank (1)
[0924/160729.883:INFO:CONSOLE(1)] "Uncaught ReferenceError: $ is not defined", source: about:blank (1)
[0924/160729.883:INFO:CONSOLE(1)] "Uncaught ReferenceError: $ is not defined", source: about:blank (1)
[0924/160729.890:INFO:CONSOLE(1)] "Uncaught ReferenceError: $ is not defined", source: about:blank (1)
[0924/160729.890:INFO:CONSOLE(1)] "Uncaught ReferenceError: $ is not defined", source: about:blank (1)
[0924/160729.942:INFO:CONSOLE(1)] "Uncaught ReferenceError: $ is not defined", source: about:blank (1)
[0924/160730.252:INFO:CONSOLE(1)] "Uncaught ReferenceError: $ is not defined", source: about:blank (1)
[0924/160730.259:INFO:CONSOLE(1)] "Uncaught ReferenceError: $ is not defined", source: about:blank (1)
[0924/160844.297:INFO:CONSOLE(1)] "Uncaught ReferenceError: $ is not defined", source: about:blank (1)
[0924/160844.476:INFO:CONSOLE(1)] "Uncaught ReferenceError: $ is not defined", source: about:blank (1)
[0924/160844.477:INFO:CONSOLE(1)] "Uncaught ReferenceError: $ is not defined", source: about:blank (1)
[0924/160844.480:INFO:CONSOLE(1)] "Uncaught ReferenceError: $ is not defined", source: about:blank (1)
[0924/160844.481:INFO:CONSOLE(1)] "Uncaught ReferenceError: $ is not defined", source: about:blank (1)
[0924/160844.483:INFO:CONSOLE(1)] "Uncaught ReferenceError: $ is not defined", source: about:blank (1)
[0924/160844.484:INFO:CONSOLE(1)] "Uncaught ReferenceError: $ is not defined", source: about:blank (1)
[0924/160844.486:INFO:CONSOLE(1)] "Uncaught ReferenceError: $ is not defined", source: about:blank (1)
[0924/160844.487:INFO:CONSOLE(1)] "Uncaught ReferenceError: $ is not defined", source: about:blank (1)
[0924/160844.489:INFO:CONSOLE(1)] "Uncaught ReferenceError: $ is not defined", source: about:blank (1)
[0924/160844.490:INFO:CONSOLE(1)] "Uncaught ReferenceError: $ is not defined", source: about:blank (1)
[0924/160844.491:INFO:CONSOLE(1)] "Uncaught ReferenceError: $ is not defined", source: about:blank (1)
[0924/160844.494:INFO:CONSOLE(1)] "Uncaught ReferenceError: $ is not defined", source: about:blank (1)
[0924/160844.496:INFO:CONSOLE(1)] "Uncaught ReferenceError: $ is not defined", source: about:blank (1)
[0924/160844.497:INFO:CONSOLE(1)] "Uncaught ReferenceError: $ is not defined", source: about:blank (1)
[0924/160844.498:INFO:CONSOLE(1)] "Uncaught ReferenceError: $ is not defined", source: about:blank (1)
[0924/160844.500:INFO:CONSOLE(1)] "Uncaught ReferenceError: $ is not defined", source: about:blank (1)
[0924/160844.502:INFO:CONSOLE(1)] "Uncaught ReferenceError: $ is not defined", source: about:blank (1)
[0924/160844.570:INFO:CONSOLE(1)] "Uncaught ReferenceError: $ is not defined", source: about:blank (1)
[0924/160844.570:INFO:CONSOLE(1)] "Uncaught ReferenceError: $ is not defined", source: about:blank (1)
[0924/160844.570:INFO:CONSOLE(1)] "Uncaught ReferenceError: $ is not defined", source: about:blank (1)
[0924/160844.624:INFO:CONSOLE(1)] "Uncaught ReferenceError: $ is not defined", source: about:blank (1)
[0924/160844.627:INFO:CONSOLE(1)] "Uncaught ReferenceError: $ is not defined", source: about:blank (1)
[0924/160844.627:INFO:CONSOLE(1)] "Uncaught ReferenceError: $ is not defined", source: about:blank (1)
[0924/160844.630:INFO:CONSOLE(1)] "Uncaught ReferenceError: $ is not defined", source: about:blank (1)
[0924/160844.654:INFO:CONSOLE(1)] "Uncaught ReferenceError: $ is not defined", source: about:blank (1)
[0924/160844.675:INFO:CONSOLE(1)] "Uncaught ReferenceError: $ is not defined", source: about:blank (1)
[0924/160844.925:INFO:CONSOLE(1)] "Uncaught ReferenceError: $ is not defined", source: about:blank (1)
[0924/160844.938:INFO:CONSOLE(1)] "Uncaught ReferenceError: $ is not defined", source: about:blank (1)
[0924/160912.144:INFO:CONSOLE(1)] "Uncaught ReferenceError: $ is not defined", source: about:blank (1)
[0924/160912.336:INFO:CONSOLE(1)] "Uncaught ReferenceError: $ is not defined", source: about:blank (1)
[0924/160912.337:INFO:CONSOLE(1)] "Uncaught ReferenceError: $ is not defined", source: about:blank (1)
[0924/160912.338:INFO:CONSOLE(1)] "Uncaught ReferenceError: $ is not defined", source: about:blank (1)
[0924/160912.340:INFO:CONSOLE(1)] "Uncaught ReferenceError: $ is not defined", source: about:blank (1)
[0924/160912.341:INFO:CONSOLE(1)] "Uncaught ReferenceError: $ is not defined", source: about:blank (1)
[0924/160912.343:INFO:CONSOLE(1)] "Uncaught ReferenceError: $ is not defined", source: about:blank (1)
[0924/160912.344:INFO:CONSOLE(1)] "Uncaught ReferenceError: $ is not defined", source: about:blank (1)
[0924/160912.345:INFO:CONSOLE(1)] "Uncaught ReferenceError: $ is not defined", source: about:blank (1)
[0924/160912.347:INFO:CONSOLE(1)] "Uncaught ReferenceError: $ is not defined", source: about:blank (1)
[0924/160912.349:INFO:CONSOLE(1)] "Uncaught ReferenceError: $ is not defined", source: about:blank (1)
[0924/160912.352:INFO:CONSOLE(1)] "Uncaught ReferenceError: $ is not defined", source: about:blank (1)
[0924/160912.353:INFO:CONSOLE(1)] "Uncaught ReferenceError: $ is not defined", source: about:blank (1)
[0924/160912.354:INFO:CONSOLE(1)] "Uncaught ReferenceError: $ is not defined", source: about:blank (1)
[0924/160912.355:INFO:CONSOLE(1)] "Uncaught ReferenceError: $ is not defined", source: about:blank (1)
[0924/160912.357:INFO:CONSOLE(1)] "Uncaught ReferenceError: $ is not defined", source: about:blank (1)
[0924/160912.358:INFO:CONSOLE(1)] "Uncaught ReferenceError: $ is not defined", source: about:blank (1)
[0924/160912.360:INFO:CONSOLE(1)] "Uncaught ReferenceError: $ is not defined", source: about:blank (1)
[0924/160912.462:INFO:CONSOLE(1)] "Uncaught ReferenceError: $ is not defined", source: about:blank (1)
[0924/160912.463:INFO:CONSOLE(1)] "Uncaught ReferenceError: $ is not defined", source: about:blank (1)
[0924/160912.463:INFO:CONSOLE(1)] "Uncaught ReferenceError: $ is not defined", source: about:blank (1)
[0924/160912.489:INFO:CONSOLE(1)] "Uncaught ReferenceError: $ is not defined", source: about:blank (1)
[0924/160912.490:INFO:CONSOLE(1)] "Uncaught ReferenceError: $ is not defined", source: about:blank (1)
[0924/160912.490:INFO:CONSOLE(1)] "Uncaught ReferenceError: $ is not defined", source: about:blank (1)
[0924/160912.490:INFO:CONSOLE(1)] "Uncaught ReferenceError: $ is not defined", source: about:blank (1)
[0924/160912.490:INFO:CONSOLE(1)] "Uncaught ReferenceError: $ is not defined", source: about:blank (1)
[0924/160912.543:INFO:CONSOLE(1)] "Uncaught ReferenceError: $ is not defined", source: about:blank (1)
[0924/160912.796:INFO:CONSOLE(1)] "Uncaught ReferenceError: $ is not defined", source: about:blank (1)
[0924/160912.804:INFO:CONSOLE(1)] "Uncaught ReferenceError: $ is not defined", source: about:blank (1)
[0924/160946.383:INFO:CONSOLE(1)] "Uncaught ReferenceError: $ is not defined", source: about:blank (1)
[0924/160946.422:INFO:CONSOLE(1)] "Uncaught ReferenceError: $ is not defined", source: about:blank (1)
[0924/160946.423:INFO:CONSOLE(1)] "Uncaught ReferenceError: $ is not defined", source: about:blank (1)
[0924/160946.425:INFO:CONSOLE(1)] "Uncaught ReferenceError: $ is not defined", source: about:blank (1)
[0924/160946.532:INFO:CONSOLE(1)] "Uncaught ReferenceError: $ is not defined", source: about:blank (1)
[0924/160946.533:INFO:CONSOLE(1)] "Uncaught ReferenceError: $ is not defined", source: about:blank (1)
[0924/160946.534:INFO:CONSOLE(1)] "Uncaught ReferenceError: $ is not defined", source: about:blank (1)
[0924/160946.536:INFO:CONSOLE(1)] "Uncaught ReferenceError: $ is not defined", source: about:blank (1)
[0924/160946.537:INFO:CONSOLE(1)] "Uncaught ReferenceError: $ is not defined", source: about:blank (1)
[0924/160946.538:INFO:CONSOLE(1)] "Uncaught ReferenceError: $ is not defined", source: about:blank (1)
[0924/160946.540:INFO:CONSOLE(1)] "Uncaught ReferenceError: $ is not defined", source: about:blank (1)
[0924/160946.542:INFO:CONSOLE(1)] "Uncaught ReferenceError: $ is not defined", source: about:blank (1)
[0924/160946.550:INFO:CONSOLE(1)] "Uncaught ReferenceError: $ is not defined", source: about:blank (1)
[0924/160946.552:INFO:CONSOLE(1)] "Uncaught ReferenceError: $ is not defined", source: about:blank (1)
[0924/160946.552:INFO:CONSOLE(1)] "Uncaught ReferenceError: $ is not defined", source: about:blank (1)
[0924/160946.552:INFO:CONSOLE(1)] "Uncaught ReferenceError: $ is not defined", source: about:blank (1)
[0924/160946.554:INFO:CONSOLE(1)] "Uncaught ReferenceError: $ is not defined", source: about:blank (1)
[0924/160946.555:INFO:CONSOLE(1)] "Uncaught ReferenceError: $ is not defined", source: about:blank (1)
[0924/160946.665:INFO:CONSOLE(1)] "Uncaught ReferenceError: $ is not defined", source: about:blank (1)
[0924/160946.668:INFO:CONSOLE(1)] "Uncaught ReferenceError: $ is not defined", source: about:blank (1)
[0924/160946.669:INFO:CONSOLE(1)] "Uncaught ReferenceError: $ is not defined", source: about:blank (1)
[0924/160946.670:INFO:CONSOLE(1)] "Uncaught ReferenceError: $ is not defined", source: about:blank (1)
[0924/160946.670:INFO:CONSOLE(1)] "Uncaught ReferenceError: $ is not defined", source: about:blank (1)
[0924/160946.670:INFO:CONSOLE(1)] "Uncaught ReferenceError: $ is not defined", source: about:blank (1)
[0924/160946.670:INFO:CONSOLE(1)] "Uncaught ReferenceError: $ is not defined", source: about:blank (1)
[0924/160946.670:INFO:CONSOLE(1)] "Uncaught ReferenceError: $ is not defined", source: about:blank (1)
[0924/160946.680:INFO:CONSOLE(1)] "Uncaught ReferenceError: $ is not defined", source: about:blank (1)
[0924/160947.218:INFO:CONSOLE(1)] "Uncaught ReferenceError: $ is not defined", source: about:blank (1)
[0924/160947.223:INFO:CONSOLE(1)] "Uncaught ReferenceError: $ is not defined", source: about:blank (1)
[0924/161133.921:INFO:CONSOLE(1)] "Uncaught ReferenceError: $ is not defined", source: about:blank (1)
[0924/161134.100:INFO:CONSOLE(1)] "Uncaught ReferenceError: $ is not defined", source: about:blank (1)
[0924/161134.101:INFO:CONSOLE(1)] "Uncaught ReferenceError: $ is not defined", source: about:blank (1)
[0924/161134.102:INFO:CONSOLE(1)] "Uncaught ReferenceError: $ is not defined", source: about:blank (1)
[0924/161134.104:INFO:CONSOLE(1)] "Uncaught ReferenceError: $ is not defined", source: about:blank (1)
[0924/161134.106:INFO:CONSOLE(1)] "Uncaught ReferenceError: $ is not defined", source: about:blank (1)
[0924/161134.108:INFO:CONSOLE(1)] "Uncaught ReferenceError: $ is not defined", source: about:blank (1)
[0924/161134.109:INFO:CONSOLE(1)] "Uncaught ReferenceError: $ is not defined", source: about:blank (1)
[0924/161134.111:INFO:CONSOLE(1)] "Uncaught ReferenceError: $ is not defined", source: about:blank (1)
[0924/161134.112:INFO:CONSOLE(1)] "Uncaught ReferenceError: $ is not defined", source: about:blank (1)
[0924/161134.113:INFO:CONSOLE(1)] "Uncaught ReferenceError: $ is not defined", source: about:blank (1)
[0924/161134.116:INFO:CONSOLE(1)] "Uncaught ReferenceError: $ is not defined", source: about:blank (1)
[0924/161134.117:INFO:CONSOLE(1)] "Uncaught ReferenceError: $ is not defined", source: about:blank (1)
[0924/161134.119:INFO:CONSOLE(1)] "Uncaught ReferenceError: $ is not defined", source: about:blank (1)
[0924/161134.121:INFO:CONSOLE(1)] "Uncaught ReferenceError: $ is not defined", source: about:blank (1)
[0924/161134.123:INFO:CONSOLE(1)] "Uncaught ReferenceError: $ is not defined", source: about:blank (1)
[0924/161134.124:INFO:CONSOLE(1)] "Uncaught ReferenceError: $ is not defined", source: about:blank (1)
[0924/161134.154:INFO:CONSOLE(1)] "Uncaught ReferenceError: $ is not defined", source: about:blank (1)
[0924/161134.224:INFO:CONSOLE(1)] "Uncaught ReferenceError: $ is not defined", source: about:blank (1)
[0924/161134.224:INFO:CONSOLE(1)] "Uncaught ReferenceError: $ is not defined", source: about:blank (1)
[0924/161134.224:INFO:CONSOLE(1)] "Uncaught ReferenceError: $ is not defined", source: about:blank (1)
[0924/161134.288:INFO:CONSOLE(1)] "Uncaught ReferenceError: $ is not defined", source: about:blank (1)
[0924/161134.293:INFO:CONSOLE(1)] "Uncaught ReferenceError: $ is not defined", source: about:blank (1)
[0924/161134.293:INFO:CONSOLE(1)] "Uncaught ReferenceError: $ is not defined", source: about:blank (1)
[0924/161134.294:INFO:CONSOLE(1)] "Uncaught ReferenceError: $ is not defined", source: about:blank (1)
[0924/161134.294:INFO:CONSOLE(1)] "Uncaught ReferenceError: $ is not defined", source: about:blank (1)
[0924/161134.302:INFO:CONSOLE(1)] "Uncaught ReferenceError: $ is not defined", source: about:blank (1)
[0924/161134.606:INFO:CONSOLE(1)] "Uncaught ReferenceError: $ is not defined", source: about:blank (1)
[0924/161134.614:INFO:CONSOLE(1)] "Uncaught ReferenceError: $ is not defined", source: about:blank (1)
[0924/161203.287:INFO:CONSOLE(1)] "Uncaught ReferenceError: $ is not defined", source: about:blank (1)
[0924/161203.471:INFO:CONSOLE(1)] "Uncaught ReferenceError: $ is not defined", source: about:blank (1)
[0924/161203.473:INFO:CONSOLE(1)] "Uncaught ReferenceError: $ is not defined", source: about:blank (1)
[0924/161203.474:INFO:CONSOLE(1)] "Uncaught ReferenceError: $ is not defined", source: about:blank (1)
[0924/161203.476:INFO:CONSOLE(1)] "Uncaught ReferenceError: $ is not defined", source: about:blank (1)
[0924/161203.477:INFO:CONSOLE(1)] "Uncaught ReferenceError: $ is not defined", source: about:blank (1)
[0924/161203.479:INFO:CONSOLE(1)] "Uncaught ReferenceError: $ is not defined", source: about:blank (1)
[0924/161203.480:INFO:CONSOLE(1)] "Uncaught ReferenceError: $ is not defined", source: about:blank (1)
[0924/161203.482:INFO:CONSOLE(1)] "Uncaught ReferenceError: $ is not defined", source: about:blank (1)
[0924/161203.483:INFO:CONSOLE(1)] "Uncaught ReferenceError: $ is not defined", source: about:blank (1)
[0924/161203.484:INFO:CONSOLE(1)] "Uncaught ReferenceError: $ is not defined", source: about:blank (1)
[0924/161203.487:INFO:CONSOLE(1)] "Uncaught ReferenceError: $ is not defined", source: about:blank (1)
[0924/161203.490:INFO:CONSOLE(1)] "Uncaught ReferenceError: $ is not defined", source: about:blank (1)
[0924/161203.491:INFO:CONSOLE(1)] "Uncaught ReferenceError: $ is not defined", source: about:blank (1)
[0924/161203.493:INFO:CONSOLE(1)] "Uncaught ReferenceError: $ is not defined", source: about:blank (1)
[0924/161203.494:INFO:CONSOLE(1)] "Uncaught ReferenceError: $ is not defined", source: about:blank (1)
[0924/161203.496:INFO:CONSOLE(1)] "Uncaught ReferenceError: $ is not defined", source: about:blank (1)
[0924/161203.498:INFO:CONSOLE(1)] "Uncaught ReferenceError: $ is not defined", source: about:blank (1)
[0924/161203.564:INFO:CONSOLE(1)] "Uncaught ReferenceError: $ is not defined", source: about:blank (1)
[0924/161203.564:INFO:CONSOLE(1)] "Uncaught ReferenceError: $ is not defined", source: about:blank (1)
[0924/161203.565:INFO:CONSOLE(1)] "Uncaught ReferenceError: $ is not defined", source: about:blank (1)
[0924/161203.655:INFO:CONSOLE(1)] "Uncaught ReferenceError: $ is not defined", source: about:blank (1)
[0924/161203.658:INFO:CONSOLE(1)] "Uncaught ReferenceError: $ is not defined", source: about:blank (1)
[0924/161203.658:INFO:CONSOLE(1)] "Uncaught ReferenceError: $ is not defined", source: about:blank (1)
[0924/161203.658:INFO:CONSOLE(1)] "Uncaught ReferenceError: $ is not defined", source: about:blank (1)
[0924/161203.660:INFO:CONSOLE(1)] "Uncaught ReferenceError: $ is not defined", source: about:blank (1)
[0924/161203.668:INFO:CONSOLE(1)] "Uncaught ReferenceError: $ is not defined", source: about:blank (1)
[0924/161204.137:INFO:CONSOLE(1)] "Uncaught ReferenceError: $ is not defined", source: about:blank (1)
[0924/161204.143:INFO:CONSOLE(1)] "Uncaught ReferenceError: $ is not defined", source: about:blank (1)
[0924/161314.251:INFO:CONSOLE(1)] "Uncaught ReferenceError: $ is not defined", source: about:blank (1)
[0924/161314.440:INFO:CONSOLE(1)] "Uncaught ReferenceError: $ is not defined", source: about:blank (1)
[0924/161314.442:INFO:CONSOLE(1)] "Uncaught ReferenceError: $ is not defined", source: about:blank (1)
[0924/161314.443:INFO:CONSOLE(1)] "Uncaught ReferenceError: $ is not defined", source: about:blank (1)
[0924/161314.446:INFO:CONSOLE(1)] "Uncaught ReferenceError: $ is not defined", source: about:blank (1)
[0924/161314.447:INFO:CONSOLE(1)] "Uncaught ReferenceError: $ is not defined", source: about:blank (1)
[0924/161314.449:INFO:CONSOLE(1)] "Uncaught ReferenceError: $ is not defined", source: about:blank (1)
[0924/161314.451:INFO:CONSOLE(1)] "Uncaught ReferenceError: $ is not defined", source: about:blank (1)
[0924/161314.452:INFO:CONSOLE(1)] "Uncaught ReferenceError: $ is not defined", source: about:blank (1)
[0924/161314.454:INFO:CONSOLE(1)] "Uncaught ReferenceError: $ is not defined", source: about:blank (1)
[0924/161314.457:INFO:CONSOLE(1)] "Uncaught ReferenceError: $ is not defined", source: about:blank (1)
[0924/161314.460:INFO:CONSOLE(1)] "Uncaught ReferenceError: $ is not defined", source: about:blank (1)
[0924/161314.461:INFO:CONSOLE(1)] "Uncaught ReferenceError: $ is not defined", source: about:blank (1)
[0924/161314.463:INFO:CONSOLE(1)] "Uncaught ReferenceError: $ is not defined", source: about:blank (1)
[0924/161314.464:INFO:CONSOLE(1)] "Uncaught ReferenceError: $ is not defined", source: about:blank (1)
[0924/161314.466:INFO:CONSOLE(1)] "Uncaught ReferenceError: $ is not defined", source: about:blank (1)
[0924/161314.467:INFO:CONSOLE(1)] "Uncaught ReferenceError: $ is not defined", source: about:blank (1)
[0924/161314.469:INFO:CONSOLE(1)] "Uncaught ReferenceError: $ is not defined", source: about:blank (1)
[0924/161314.572:INFO:CONSOLE(1)] "Uncaught ReferenceError: $ is not defined", source: about:blank (1)
[0924/161314.572:INFO:CONSOLE(1)] "Uncaught ReferenceError: $ is not defined", source: about:blank (1)
[0924/161314.572:INFO:CONSOLE(1)] "Uncaught ReferenceError: $ is not defined", source: about:blank (1)
[0924/161314.648:INFO:CONSOLE(1)] "Uncaught ReferenceError: $ is not defined", source: about:blank (1)
[0924/161314.649:INFO:CONSOLE(1)] "Uncaught ReferenceError: $ is not defined", source: about:blank (1)
[0924/161314.649:INFO:CONSOLE(1)] "Uncaught ReferenceError: $ is not defined", source: about:blank (1)
[0924/161314.649:INFO:CONSOLE(1)] "Uncaught ReferenceError: $ is not defined", source: about:blank (1)
[0924/161314.649:INFO:CONSOLE(1)] "Uncaught ReferenceError: $ is not defined", source: about:blank (1)
[0924/161314.657:INFO:CONSOLE(1)] "Uncaught ReferenceError: $ is not defined", source: about:blank (1)
[0924/161315.158:INFO:CONSOLE(1)] "Uncaught ReferenceError: $ is not defined", source: about:blank (1)
[0924/161315.165:INFO:CONSOLE(1)] "Uncaught ReferenceError: $ is not defined", source: about:blank (1)
[0924/165315.697:INFO:CONSOLE(1)] "Uncaught ReferenceError: $ is not defined", source: about:blank (1)
[0924/165315.880:INFO:CONSOLE(1)] "Uncaught ReferenceError: $ is not defined", source: about:blank (1)
[0924/165315.882:INFO:CONSOLE(1)] "Uncaught ReferenceError: $ is not defined", source: about:blank (1)
[0924/165315.884:INFO:CONSOLE(1)] "Uncaught ReferenceError: $ is not defined", source: about:blank (1)
[0924/165315.885:INFO:CONSOLE(1)] "Uncaught ReferenceError: $ is not defined", source: about:blank (1)
[0924/165315.886:INFO:CONSOLE(1)] "Uncaught ReferenceError: $ is not defined", source: about:blank (1)
[0924/165315.888:INFO:CONSOLE(1)] "Uncaught ReferenceError: $ is not defined", source: about:blank (1)
[0924/165315.890:INFO:CONSOLE(1)] "Uncaught ReferenceError: $ is not defined", source: about:blank (1)
[0924/165315.892:INFO:CONSOLE(1)] "Uncaught ReferenceError: $ is not defined", source: about:blank (1)
[0924/165315.894:INFO:CONSOLE(1)] "Uncaught ReferenceError: $ is not defined", source: about:blank (1)
[0924/165315.895:INFO:CONSOLE(1)] "Uncaught ReferenceError: $ is not defined", source: about:blank (1)
[0924/165315.898:INFO:CONSOLE(1)] "Uncaught ReferenceError: $ is not defined", source: about:blank (1)
[0924/165315.900:INFO:CONSOLE(1)] "Uncaught ReferenceError: $ is not defined", source: about:blank (1)
[0924/165315.901:INFO:CONSOLE(1)] "Uncaught ReferenceError: $ is not defined", source: about:blank (1)
[0924/165315.902:INFO:CONSOLE(1)] "Uncaught ReferenceError: $ is not defined", source: about:blank (1)
[0924/165315.904:INFO:CONSOLE(1)] "Uncaught ReferenceError: $ is not defined", source: about:blank (1)
[0924/165315.905:INFO:CONSOLE(1)] "Uncaught ReferenceError: $ is not defined", source: about:blank (1)
[0924/165315.907:INFO:CONSOLE(1)] "Uncaught ReferenceError: $ is not defined", source: about:blank (1)
[0924/165316.006:INFO:CONSOLE(1)] "Uncaught ReferenceError: $ is not defined", source: about:blank (1)
[0924/165316.007:INFO:CONSOLE(1)] "Uncaught ReferenceError: $ is not defined", source: about:blank (1)
[0924/165316.007:INFO:CONSOLE(1)] "Uncaught ReferenceError: $ is not defined", source: about:blank (1)
[0924/165316.053:INFO:CONSOLE(1)] "Uncaught ReferenceError: $ is not defined", source: about:blank (1)
[0924/165316.055:INFO:CONSOLE(1)] "Uncaught ReferenceError: $ is not defined", source: about:blank (1)
[0924/165316.058:INFO:CONSOLE(1)] "Uncaught ReferenceError: $ is not defined", source: about:blank (1)
[0924/165316.058:INFO:CONSOLE(1)] "Uncaught ReferenceError: $ is not defined", source: about:blank (1)
[0924/165316.058:INFO:CONSOLE(1)] "Uncaught ReferenceError: $ is not defined", source: about:blank (1)
[0924/165316.101:INFO:CONSOLE(1)] "Uncaught ReferenceError: $ is not defined", source: about:blank (1)
[0924/165316.436:INFO:CONSOLE(1)] "Uncaught ReferenceError: $ is not defined", source: about:blank (1)
[0924/165316.444:INFO:CONSOLE(1)] "Uncaught ReferenceError: $ is not defined", source: about:blank (1)
[0924/184521.840:INFO:CONSOLE(5)] "The key "minimun-scale" is not recognized and ignored.", source: http://news.cctv.com/2019/09/24/ARTICOXMyyP7BSriweQYoABB190924.shtml (5)
[0925/104108.009:INFO:CONSOLE(5)] "The key "minimun-scale" is not recognized and ignored.", source: http://news.cctv.com/2019/09/25/ARTI64iEbKuTU9hRGyDfdhYR190925.shtml (5)
[0925/104217.265:INFO:CONSOLE(5)] "The key "minimun-scale" is not recognized and ignored.", source: http://news.cctv.com/2019/09/25/ARTI64iEbKuTU9hRGyDfdhYR190925.shtml (5)
[0925/104359.440:INFO:CONSOLE(5)] "The key "minimun-scale" is not recognized and ignored.", source: http://news.cctv.com/2019/09/25/ARTI64iEbKuTU9hRGyDfdhYR190925.shtml (5)
[0925/104420.325:INFO:CONSOLE(1)] "Uncaught ReferenceError: $ is not defined", source: about:blank (1)
[0925/104420.327:INFO:CONSOLE(1)] "Uncaught ReferenceError: $ is not defined", source: about:blank (1)
[0925/104420.371:INFO:CONSOLE(1)] "Uncaught ReferenceError: $ is not defined", source: about:blank (1)
[0925/104420.409:INFO:CONSOLE(1)] "Uncaught ReferenceError: $ is not defined", source: about:blank (1)
[0925/104420.409:INFO:CONSOLE(1)] "Uncaught ReferenceError: $ is not defined", source: about:blank (1)
[0925/104420.410:INFO:CONSOLE(1)] "Uncaught ReferenceError: $ is not defined", source: about:blank (1)
[0925/104420.411:INFO:CONSOLE(1)] "Uncaught ReferenceError: $ is not defined", source: about:blank (1)
[0925/104420.427:INFO:CONSOLE(1)] "Uncaught ReferenceError: $ is not defined", source: about:blank (1)
[0925/104420.676:INFO:CONSOLE(1)] "Uncaught ReferenceError: $ is not defined", source: about:blank (1)
[0925/105107.437:INFO:CONSOLE(1)] "Uncaught ReferenceError: $ is not defined", source: about:blank (1)
[0925/105107.439:INFO:CONSOLE(1)] "Uncaught ReferenceError: $ is not defined", source: about:blank (1)
[0925/105107.515:INFO:CONSOLE(1)] "Uncaught ReferenceError: $ is not defined", source: about:blank (1)
[0925/105107.515:INFO:CONSOLE(1)] "Uncaught ReferenceError: $ is not defined", source: about:blank (1)
[0925/105107.516:INFO:CONSOLE(1)] "Uncaught ReferenceError: $ is not defined", source: about:blank (1)
[0925/105107.517:INFO:CONSOLE(1)] "Uncaught ReferenceError: $ is not defined", source: about:blank (1)
[0925/105107.517:INFO:CONSOLE(1)] "Uncaught ReferenceError: $ is not defined", source: about:blank (1)
[0925/105107.537:INFO:CONSOLE(1)] "Uncaught ReferenceError: $ is not defined", source: about:blank (1)
[0925/105107.769:INFO:CONSOLE(1)] "Uncaught ReferenceError: $ is not defined", source: about:blank (1)
[0925/105119.421:INFO:CONSOLE(5)] "The key "minimun-scale" is not recognized and ignored.", source: http://news.cctv.com/2019/09/25/ARTI64iEbKuTU9hRGyDfdhYR190925.shtml (5)
[0925/105206.993:INFO:CONSOLE(1)] "Uncaught ReferenceError: $ is not defined", source: about:blank (1)
[0925/105206.999:INFO:CONSOLE(1)] "Uncaught ReferenceError: $ is not defined", source: about:blank (1)
[0925/105207.078:INFO:CONSOLE(1)] "Uncaught ReferenceError: $ is not defined", source: about:blank (1)
[0925/105207.078:INFO:CONSOLE(1)] "Uncaught ReferenceError: $ is not defined", source: about:blank (1)
[0925/105207.078:INFO:CONSOLE(1)] "Uncaught ReferenceError: $ is not defined", source: about:blank (1)
[0925/105207.079:INFO:CONSOLE(1)] "Uncaught ReferenceError: $ is not defined", source: about:blank (1)
[0925/105207.080:INFO:CONSOLE(1)] "Uncaught ReferenceError: $ is not defined", source: about:blank (1)
[0925/105207.101:INFO:CONSOLE(1)] "Uncaught ReferenceError: $ is not defined", source: about:blank (1)
[0925/105207.668:INFO:CONSOLE(1)] "Uncaught ReferenceError: $ is not defined", source: about:blank (1)
[0925/105218.845:INFO:CONSOLE(5)] "The key "minimun-scale" is not recognized and ignored.", source: http://news.cctv.com/2019/09/24/ARTIr3HSb6cLmHywzJJ0Th3K190924.shtml (5)
